{"D:\\OneDrive\\M1 Infor Lyon 1\\S2\\mif10_grp10_2024\\transport-co2\\src\\App.tsx": {"path":"D:\\OneDrive\\M1 Infor Lyon 1\\S2\\mif10_grp10_2024\\transport-co2\\src\\App.tsx","all":false,"statementMap":{"0":{"start":{"line":1,"column":0},"end":{"line":1,"column":74}},"1":{"start":{"line":2,"column":0},"end":{"line":2,"column":40}},"2":{"start":{"line":3,"column":0},"end":{"line":3,"column":42}},"3":{"start":{"line":4,"column":0},"end":{"line":4,"column":48}},"4":{"start":{"line":5,"column":0},"end":{"line":5,"column":48}},"5":{"start":{"line":6,"column":0},"end":{"line":6,"column":40}},"6":{"start":{"line":7,"column":0},"end":{"line":7,"column":38}},"7":{"start":{"line":8,"column":0},"end":{"line":8,"column":48}},"8":{"start":{"line":9,"column":0},"end":{"line":9,"column":45}},"9":{"start":{"line":10,"column":0},"end":{"line":10,"column":58}},"10":{"start":{"line":11,"column":0},"end":{"line":11,"column":45}},"12":{"start":{"line":13,"column":0},"end":{"line":13,"column":19}},"14":{"start":{"line":15,"column":0},"end":{"line":15,"column":16}},"15":{"start":{"line":16,"column":0},"end":{"line":16,"column":10}},"16":{"start":{"line":17,"column":0},"end":{"line":17,"column":118}},"17":{"start":{"line":18,"column":0},"end":{"line":18,"column":14}},"18":{"start":{"line":19,"column":0},"end":{"line":19,"column":18}},"19":{"start":{"line":20,"column":0},"end":{"line":20,"column":38}},"20":{"start":{"line":21,"column":0},"end":{"line":21,"column":18}},"21":{"start":{"line":22,"column":0},"end":{"line":22,"column":51}},"22":{"start":{"line":23,"column":0},"end":{"line":23,"column":61}},"23":{"start":{"line":24,"column":0},"end":{"line":24,"column":60}},"24":{"start":{"line":25,"column":0},"end":{"line":25,"column":65}},"25":{"start":{"line":26,"column":0},"end":{"line":26,"column":65}},"26":{"start":{"line":27,"column":0},"end":{"line":27,"column":57}},"27":{"start":{"line":28,"column":0},"end":{"line":28,"column":55}},"28":{"start":{"line":29,"column":0},"end":{"line":29,"column":60}},"29":{"start":{"line":30,"column":0},"end":{"line":30,"column":67}},"30":{"start":{"line":31,"column":0},"end":{"line":31,"column":19}},"31":{"start":{"line":32,"column":0},"end":{"line":32,"column":15}},"32":{"start":{"line":33,"column":0},"end":{"line":33,"column":18}},"33":{"start":{"line":34,"column":0},"end":{"line":34,"column":15}},"34":{"start":{"line":35,"column":0},"end":{"line":35,"column":10}},"36":{"start":{"line":37,"column":0},"end":{"line":37,"column":1}},"38":{"start":{"line":39,"column":0},"end":{"line":39,"column":19}}},"s":{"0":1,"1":1,"2":1,"3":1,"4":1,"5":1,"6":1,"7":1,"8":1,"9":1,"10":1,"12":1,"14":7,"15":7,"16":7,"17":7,"18":7,"19":7,"20":7,"21":7,"22":7,"23":7,"24":7,"25":7,"26":7,"27":7,"28":7,"29":7,"30":7,"31":7,"32":7,"33":7,"34":7,"36":7,"38":1},"branchMap":{"0":{"type":"branch","line":15,"loc":{"start":{"line":15,"column":0},"end":{"line":37,"column":1}},"locations":[{"start":{"line":15,"column":0},"end":{"line":37,"column":1}}]}},"b":{"0":[7]},"fnMap":{"0":{"name":"App","decl":{"start":{"line":15,"column":0},"end":{"line":37,"column":1}},"loc":{"start":{"line":15,"column":0},"end":{"line":37,"column":1}},"line":15}},"f":{"0":7}}
,"D:\\OneDrive\\M1 Infor Lyon 1\\S2\\mif10_grp10_2024\\transport-co2\\src\\config.tsx": {"path":"D:\\OneDrive\\M1 Infor Lyon 1\\S2\\mif10_grp10_2024\\transport-co2\\src\\config.tsx","all":false,"statementMap":{"0":{"start":{"line":1,"column":0},"end":{"line":1,"column":52}}},"s":{"0":1},"branchMap":{},"b":{},"fnMap":{},"f":{}}
,"D:\\OneDrive\\M1 Infor Lyon 1\\S2\\mif10_grp10_2024\\transport-co2\\src\\components\\ComparisonChart.jsx": {"path":"D:\\OneDrive\\M1 Infor Lyon 1\\S2\\mif10_grp10_2024\\transport-co2\\src\\components\\ComparisonChart.jsx","all":false,"statementMap":{"0":{"start":{"line":1,"column":0},"end":{"line":1,"column":51}},"1":{"start":{"line":2,"column":0},"end":{"line":2,"column":38}},"2":{"start":{"line":3,"column":0},"end":{"line":3,"column":8}},"11":{"start":{"line":12,"column":0},"end":{"line":12,"column":56}},"13":{"start":{"line":14,"column":0},"end":{"line":14,"column":17}},"14":{"start":{"line":15,"column":0},"end":{"line":15,"column":16}},"15":{"start":{"line":16,"column":0},"end":{"line":16,"column":14}},"16":{"start":{"line":17,"column":0},"end":{"line":17,"column":13}},"17":{"start":{"line":18,"column":0},"end":{"line":18,"column":8}},"18":{"start":{"line":19,"column":0},"end":{"line":19,"column":10}},"19":{"start":{"line":20,"column":0},"end":{"line":20,"column":9}},"20":{"start":{"line":21,"column":0},"end":{"line":21,"column":17}},"21":{"start":{"line":22,"column":0},"end":{"line":22,"column":2}},"23":{"start":{"line":24,"column":0},"end":{"line":24,"column":50}},"24":{"start":{"line":25,"column":0},"end":{"line":25,"column":53}},"26":{"start":{"line":27,"column":0},"end":{"line":27,"column":19}},"27":{"start":{"line":28,"column":0},"end":{"line":28,"column":71}},"28":{"start":{"line":29,"column":0},"end":{"line":29,"column":43}},"29":{"start":{"line":30,"column":0},"end":{"line":30,"column":9}},"31":{"start":{"line":32,"column":0},"end":{"line":32,"column":18}},"32":{"start":{"line":33,"column":0},"end":{"line":33,"column":18}},"33":{"start":{"line":34,"column":0},"end":{"line":34,"column":24}},"34":{"start":{"line":35,"column":0},"end":{"line":35,"column":22}},"35":{"start":{"line":36,"column":0},"end":{"line":36,"column":20}},"36":{"start":{"line":37,"column":0},"end":{"line":37,"column":4}},"38":{"start":{"line":39,"column":0},"end":{"line":39,"column":27}},"39":{"start":{"line":40,"column":0},"end":{"line":40,"column":65}},"41":{"start":{"line":42,"column":0},"end":{"line":42,"column":69}},"42":{"start":{"line":43,"column":0},"end":{"line":43,"column":68}},"43":{"start":{"line":44,"column":0},"end":{"line":44,"column":72}},"44":{"start":{"line":45,"column":0},"end":{"line":45,"column":51}},"45":{"start":{"line":46,"column":0},"end":{"line":46,"column":37}},"46":{"start":{"line":47,"column":0},"end":{"line":47,"column":4}},"48":{"start":{"line":49,"column":0},"end":{"line":49,"column":65}},"50":{"start":{"line":51,"column":0},"end":{"line":51,"column":54}},"51":{"start":{"line":52,"column":0},"end":{"line":52,"column":19}},"52":{"start":{"line":53,"column":0},"end":{"line":53,"column":32}},"53":{"start":{"line":54,"column":0},"end":{"line":54,"column":32}},"54":{"start":{"line":55,"column":0},"end":{"line":55,"column":32}},"55":{"start":{"line":56,"column":0},"end":{"line":56,"column":32}},"56":{"start":{"line":57,"column":0},"end":{"line":57,"column":32}},"57":{"start":{"line":58,"column":0},"end":{"line":58,"column":13}},"59":{"start":{"line":60,"column":0},"end":{"line":60,"column":45}},"61":{"start":{"line":62,"column":0},"end":{"line":62,"column":12}},"62":{"start":{"line":63,"column":0},"end":{"line":63,"column":12}},"63":{"start":{"line":64,"column":0},"end":{"line":64,"column":69}},"64":{"start":{"line":65,"column":0},"end":{"line":65,"column":29}},"65":{"start":{"line":66,"column":0},"end":{"line":66,"column":26}},"66":{"start":{"line":67,"column":0},"end":{"line":67,"column":20}},"67":{"start":{"line":68,"column":0},"end":{"line":68,"column":6}},"68":{"start":{"line":69,"column":0},"end":{"line":69,"column":5}},"70":{"start":{"line":71,"column":0},"end":{"line":71,"column":16}},"71":{"start":{"line":72,"column":0},"end":{"line":72,"column":11}},"72":{"start":{"line":73,"column":0},"end":{"line":73,"column":12}},"73":{"start":{"line":74,"column":0},"end":{"line":74,"column":4}},"75":{"start":{"line":76,"column":0},"end":{"line":76,"column":19}},"76":{"start":{"line":77,"column":0},"end":{"line":77,"column":21}},"77":{"start":{"line":78,"column":0},"end":{"line":78,"column":19}},"78":{"start":{"line":79,"column":0},"end":{"line":79,"column":14}},"79":{"start":{"line":80,"column":0},"end":{"line":80,"column":15}},"80":{"start":{"line":81,"column":0},"end":{"line":81,"column":22}},"81":{"start":{"line":82,"column":0},"end":{"line":82,"column":27}},"82":{"start":{"line":83,"column":0},"end":{"line":83,"column":17}},"83":{"start":{"line":84,"column":0},"end":{"line":84,"column":27}},"84":{"start":{"line":85,"column":0},"end":{"line":85,"column":28}},"85":{"start":{"line":86,"column":0},"end":{"line":86,"column":9}},"86":{"start":{"line":87,"column":0},"end":{"line":87,"column":8}},"88":{"start":{"line":89,"column":0},"end":{"line":89,"column":19}},"89":{"start":{"line":90,"column":0},"end":{"line":90,"column":22}},"90":{"start":{"line":91,"column":0},"end":{"line":91,"column":23}},"91":{"start":{"line":92,"column":0},"end":{"line":92,"column":25}},"92":{"start":{"line":93,"column":0},"end":{"line":93,"column":15}},"93":{"start":{"line":94,"column":0},"end":{"line":94,"column":25}},"94":{"start":{"line":95,"column":0},"end":{"line":95,"column":18}},"95":{"start":{"line":96,"column":0},"end":{"line":96,"column":10}},"96":{"start":{"line":97,"column":0},"end":{"line":97,"column":42}},"97":{"start":{"line":98,"column":0},"end":{"line":98,"column":7}},"98":{"start":{"line":99,"column":0},"end":{"line":99,"column":6}},"99":{"start":{"line":100,"column":0},"end":{"line":100,"column":13}},"100":{"start":{"line":101,"column":0},"end":{"line":101,"column":10}},"101":{"start":{"line":102,"column":0},"end":{"line":102,"column":26}},"102":{"start":{"line":103,"column":0},"end":{"line":103,"column":36}},"103":{"start":{"line":104,"column":0},"end":{"line":104,"column":103}},"104":{"start":{"line":105,"column":0},"end":{"line":105,"column":8}},"105":{"start":{"line":106,"column":0},"end":{"line":106,"column":10}},"106":{"start":{"line":107,"column":0},"end":{"line":107,"column":36}},"107":{"start":{"line":108,"column":0},"end":{"line":108,"column":100}},"108":{"start":{"line":109,"column":0},"end":{"line":109,"column":7}},"109":{"start":{"line":110,"column":0},"end":{"line":110,"column":5}},"110":{"start":{"line":111,"column":0},"end":{"line":111,"column":4}},"112":{"start":{"line":113,"column":0},"end":{"line":113,"column":10}},"113":{"start":{"line":114,"column":0},"end":{"line":114,"column":67}},"114":{"start":{"line":115,"column":0},"end":{"line":115,"column":88}},"116":{"start":{"line":117,"column":0},"end":{"line":117,"column":11}},"117":{"start":{"line":118,"column":0},"end":{"line":118,"column":44}},"118":{"start":{"line":119,"column":0},"end":{"line":119,"column":45}},"119":{"start":{"line":120,"column":0},"end":{"line":120,"column":12}},"120":{"start":{"line":121,"column":0},"end":{"line":121,"column":10}},"122":{"start":{"line":123,"column":0},"end":{"line":123,"column":2}},"124":{"start":{"line":125,"column":0},"end":{"line":125,"column":31}}},"s":{"0":1,"1":1,"2":1,"11":1,"13":1,"14":1,"15":1,"16":1,"17":1,"18":1,"19":1,"20":1,"21":1,"23":1,"24":2,"26":2,"27":2,"28":2,"29":2,"31":2,"32":2,"33":2,"34":2,"35":2,"36":2,"38":2,"39":24,"41":2,"42":2,"43":2,"44":2,"45":6,"46":2,"48":2,"50":2,"51":6,"52":6,"53":6,"54":6,"55":6,"56":6,"57":6,"59":6,"61":6,"62":6,"63":6,"64":6,"65":6,"66":6,"67":6,"68":2,"70":2,"71":2,"72":2,"73":2,"75":2,"76":2,"77":2,"78":2,"79":2,"80":2,"81":2,"82":2,"83":2,"84":2,"85":2,"86":2,"88":2,"89":2,"90":2,"91":2,"92":2,"93":2,"94":2,"95":2,"96":2,"97":2,"98":2,"99":2,"100":2,"101":2,"102":2,"103":2,"104":2,"105":2,"106":2,"107":2,"108":2,"109":2,"110":2,"112":2,"113":2,"114":2,"116":2,"117":2,"118":2,"119":2,"120":2,"122":2,"124":1},"branchMap":{"0":{"type":"branch","line":24,"loc":{"start":{"line":24,"column":24},"end":{"line":123,"column":2}},"locations":[{"start":{"line":24,"column":24},"end":{"line":123,"column":2}}]},"1":{"type":"branch","line":104,"loc":{"start":{"line":104,"column":46},"end":{"line":104,"column":102}},"locations":[{"start":{"line":104,"column":46},"end":{"line":104,"column":102}}]},"2":{"type":"branch","line":108,"loc":{"start":{"line":108,"column":46},"end":{"line":108,"column":99}},"locations":[{"start":{"line":108,"column":46},"end":{"line":108,"column":99}}]},"3":{"type":"branch","line":27,"loc":{"start":{"line":27,"column":12},"end":{"line":30,"column":5}},"locations":[{"start":{"line":27,"column":12},"end":{"line":30,"column":5}}]},"4":{"type":"branch","line":29,"loc":{"start":{"line":29,"column":17},"end":{"line":29,"column":35}},"locations":[{"start":{"line":29,"column":17},"end":{"line":29,"column":35}}]},"5":{"type":"branch","line":39,"loc":{"start":{"line":39,"column":19},"end":{"line":40,"column":65}},"locations":[{"start":{"line":39,"column":19},"end":{"line":40,"column":65}}]},"6":{"type":"branch","line":40,"loc":{"start":{"line":40,"column":59},"end":{"line":40,"column":65}},"locations":[{"start":{"line":40,"column":59},"end":{"line":40,"column":65}}]},"7":{"type":"branch","line":42,"loc":{"start":{"line":42,"column":40},"end":{"line":42,"column":67}},"locations":[{"start":{"line":42,"column":40},"end":{"line":42,"column":67}}]},"8":{"type":"branch","line":43,"loc":{"start":{"line":43,"column":40},"end":{"line":43,"column":66}},"locations":[{"start":{"line":43,"column":40},"end":{"line":43,"column":66}}]},"9":{"type":"branch","line":44,"loc":{"start":{"line":44,"column":37},"end":{"line":44,"column":70}},"locations":[{"start":{"line":44,"column":37},"end":{"line":44,"column":70}}]},"10":{"type":"branch","line":45,"loc":{"start":{"line":45,"column":43},"end":{"line":46,"column":37}},"locations":[{"start":{"line":45,"column":43},"end":{"line":46,"column":37}}]},"11":{"type":"branch","line":49,"loc":{"start":{"line":49,"column":46},"end":{"line":49,"column":63}},"locations":[{"start":{"line":49,"column":46},"end":{"line":49,"column":63}}]},"12":{"type":"branch","line":51,"loc":{"start":{"line":51,"column":39},"end":{"line":69,"column":3}},"locations":[{"start":{"line":51,"column":39},"end":{"line":69,"column":3}}]}},"b":{"0":[2],"1":[0],"2":[0],"3":[2],"4":[0],"5":[24],"6":[0],"7":[6],"8":[6],"9":[6],"10":[6],"11":[6],"12":[6]},"fnMap":{"0":{"name":"ComparisonChart","decl":{"start":{"line":24,"column":24},"end":{"line":123,"column":2}},"loc":{"start":{"line":24,"column":24},"end":{"line":123,"column":2}},"line":24},"1":{"name":"getValue","decl":{"start":{"line":39,"column":19},"end":{"line":40,"column":65}},"loc":{"start":{"line":39,"column":19},"end":{"line":40,"column":65}},"line":39},"2":{"name":"formatter","decl":{"start":{"line":97,"column":19},"end":{"line":97,"column":42}},"loc":{"start":{"line":97,"column":19},"end":{"line":97,"column":42}},"line":97}},"f":{"0":2,"1":24,"2":0}}
,"D:\\OneDrive\\M1 Infor Lyon 1\\S2\\mif10_grp10_2024\\transport-co2\\src\\components\\ComparisonTable.jsx": {"path":"D:\\OneDrive\\M1 Infor Lyon 1\\S2\\mif10_grp10_2024\\transport-co2\\src\\components\\ComparisonTable.jsx","all":false,"statementMap":{"0":{"start":{"line":1,"column":0},"end":{"line":1,"column":26}},"2":{"start":{"line":3,"column":0},"end":{"line":3,"column":50}},"3":{"start":{"line":4,"column":0},"end":{"line":4,"column":10}},"4":{"start":{"line":5,"column":0},"end":{"line":5,"column":42}},"5":{"start":{"line":6,"column":0},"end":{"line":6,"column":124}},"6":{"start":{"line":7,"column":0},"end":{"line":7,"column":15}},"7":{"start":{"line":8,"column":0},"end":{"line":8,"column":49}},"8":{"start":{"line":9,"column":0},"end":{"line":9,"column":41}},"9":{"start":{"line":10,"column":0},"end":{"line":10,"column":42}},"10":{"start":{"line":11,"column":0},"end":{"line":11,"column":41}},"11":{"start":{"line":12,"column":0},"end":{"line":12,"column":50}},"12":{"start":{"line":13,"column":0},"end":{"line":13,"column":57}},"13":{"start":{"line":14,"column":0},"end":{"line":14,"column":15}},"14":{"start":{"line":15,"column":0},"end":{"line":15,"column":16}},"15":{"start":{"line":16,"column":0},"end":{"line":16,"column":15}},"16":{"start":{"line":17,"column":0},"end":{"line":17,"column":51}},"17":{"start":{"line":18,"column":0},"end":{"line":18,"column":15}},"18":{"start":{"line":19,"column":0},"end":{"line":19,"column":25}},"19":{"start":{"line":20,"column":0},"end":{"line":20,"column":96}},"21":{"start":{"line":22,"column":0},"end":{"line":22,"column":52}},"22":{"start":{"line":23,"column":0},"end":{"line":23,"column":34}},"23":{"start":{"line":24,"column":0},"end":{"line":24,"column":71}},"24":{"start":{"line":25,"column":0},"end":{"line":25,"column":54}},"25":{"start":{"line":26,"column":0},"end":{"line":26,"column":24}},"26":{"start":{"line":27,"column":0},"end":{"line":27,"column":19}},"27":{"start":{"line":28,"column":0},"end":{"line":28,"column":34}},"28":{"start":{"line":29,"column":0},"end":{"line":29,"column":83}},"29":{"start":{"line":30,"column":0},"end":{"line":30,"column":67}},"30":{"start":{"line":31,"column":0},"end":{"line":31,"column":24}},"31":{"start":{"line":32,"column":0},"end":{"line":32,"column":19}},"32":{"start":{"line":33,"column":0},"end":{"line":33,"column":34}},"33":{"start":{"line":34,"column":0},"end":{"line":34,"column":69}},"34":{"start":{"line":35,"column":0},"end":{"line":35,"column":63}},"35":{"start":{"line":36,"column":0},"end":{"line":36,"column":24}},"36":{"start":{"line":37,"column":0},"end":{"line":37,"column":19}},"37":{"start":{"line":38,"column":0},"end":{"line":38,"column":34}},"38":{"start":{"line":39,"column":0},"end":{"line":39,"column":101}},"39":{"start":{"line":40,"column":0},"end":{"line":40,"column":96}},"40":{"start":{"line":41,"column":0},"end":{"line":41,"column":24}},"41":{"start":{"line":42,"column":0},"end":{"line":42,"column":19}},"42":{"start":{"line":43,"column":0},"end":{"line":43,"column":17}},"43":{"start":{"line":44,"column":0},"end":{"line":44,"column":13}},"44":{"start":{"line":45,"column":0},"end":{"line":45,"column":16}},"45":{"start":{"line":46,"column":0},"end":{"line":46,"column":14}},"46":{"start":{"line":47,"column":0},"end":{"line":47,"column":10}},"48":{"start":{"line":49,"column":0},"end":{"line":49,"column":2}},"50":{"start":{"line":51,"column":0},"end":{"line":51,"column":31}}},"s":{"0":1,"2":1,"3":2,"4":2,"5":2,"6":2,"7":2,"8":2,"9":2,"10":2,"11":2,"12":2,"13":2,"14":2,"15":2,"16":2,"17":6,"18":6,"19":6,"21":6,"22":6,"23":6,"24":6,"25":0,"26":6,"27":6,"28":6,"29":6,"30":0,"31":6,"32":6,"33":6,"34":6,"35":0,"36":6,"37":6,"38":6,"39":6,"40":0,"41":6,"42":6,"43":2,"44":2,"45":2,"46":2,"48":2,"50":1},"branchMap":{"0":{"type":"branch","line":3,"loc":{"start":{"line":3,"column":24},"end":{"line":49,"column":2}},"locations":[{"start":{"line":3,"column":24},"end":{"line":49,"column":2}}]},"1":{"type":"branch","line":17,"loc":{"start":{"line":17,"column":31},"end":{"line":43,"column":17}},"locations":[{"start":{"line":17,"column":31},"end":{"line":43,"column":17}}]},"2":{"type":"branch","line":25,"loc":{"start":{"line":25,"column":53},"end":{"line":26,"column":24}},"locations":[{"start":{"line":25,"column":53},"end":{"line":26,"column":24}}]},"3":{"type":"branch","line":30,"loc":{"start":{"line":30,"column":63},"end":{"line":31,"column":24}},"locations":[{"start":{"line":30,"column":63},"end":{"line":31,"column":24}}]},"4":{"type":"branch","line":35,"loc":{"start":{"line":35,"column":56},"end":{"line":36,"column":24}},"locations":[{"start":{"line":35,"column":56},"end":{"line":36,"column":24}}]},"5":{"type":"branch","line":40,"loc":{"start":{"line":40,"column":83},"end":{"line":40,"column":94}},"locations":[{"start":{"line":40,"column":83},"end":{"line":40,"column":94}}]},"6":{"type":"branch","line":40,"loc":{"start":{"line":40,"column":94},"end":{"line":41,"column":24}},"locations":[{"start":{"line":40,"column":94},"end":{"line":41,"column":24}}]}},"b":{"0":[2],"1":[6],"2":[0],"3":[0],"4":[0],"5":[0],"6":[0]},"fnMap":{"0":{"name":"ComparisonTable","decl":{"start":{"line":3,"column":24},"end":{"line":49,"column":2}},"loc":{"start":{"line":3,"column":24},"end":{"line":49,"column":2}},"line":3}},"f":{"0":2}}
,"D:\\OneDrive\\M1 Infor Lyon 1\\S2\\mif10_grp10_2024\\transport-co2\\src\\components\\Footer.jsx": {"path":"D:\\OneDrive\\M1 Infor Lyon 1\\S2\\mif10_grp10_2024\\transport-co2\\src\\components\\Footer.jsx","all":false,"statementMap":{"0":{"start":{"line":1,"column":0},"end":{"line":1,"column":26}},"1":{"start":{"line":2,"column":0},"end":{"line":2,"column":40}},"3":{"start":{"line":4,"column":0},"end":{"line":4,"column":22}},"4":{"start":{"line":5,"column":0},"end":{"line":5,"column":10}},"5":{"start":{"line":6,"column":0},"end":{"line":6,"column":69}},"6":{"start":{"line":7,"column":0},"end":{"line":7,"column":90}},"8":{"start":{"line":9,"column":0},"end":{"line":9,"column":13}},"9":{"start":{"line":10,"column":0},"end":{"line":10,"column":55}},"10":{"start":{"line":11,"column":0},"end":{"line":11,"column":46}},"12":{"start":{"line":13,"column":0},"end":{"line":13,"column":14}},"13":{"start":{"line":14,"column":0},"end":{"line":14,"column":14}},"16":{"start":{"line":17,"column":0},"end":{"line":17,"column":13}},"17":{"start":{"line":18,"column":0},"end":{"line":18,"column":60}},"18":{"start":{"line":19,"column":0},"end":{"line":19,"column":36}},"19":{"start":{"line":20,"column":0},"end":{"line":20,"column":89}},"20":{"start":{"line":21,"column":0},"end":{"line":21,"column":85}},"21":{"start":{"line":22,"column":0},"end":{"line":22,"column":89}},"22":{"start":{"line":23,"column":0},"end":{"line":23,"column":89}},"23":{"start":{"line":24,"column":0},"end":{"line":24,"column":15}},"24":{"start":{"line":25,"column":0},"end":{"line":25,"column":14}},"27":{"start":{"line":28,"column":0},"end":{"line":28,"column":63}},"28":{"start":{"line":29,"column":0},"end":{"line":29,"column":15}},"29":{"start":{"line":30,"column":0},"end":{"line":30,"column":59}},"30":{"start":{"line":31,"column":0},"end":{"line":31,"column":119}},"31":{"start":{"line":32,"column":0},"end":{"line":32,"column":36}},"32":{"start":{"line":33,"column":0},"end":{"line":33,"column":16}},"33":{"start":{"line":34,"column":0},"end":{"line":34,"column":66}},"34":{"start":{"line":35,"column":0},"end":{"line":35,"column":73}},"35":{"start":{"line":36,"column":0},"end":{"line":36,"column":14}},"36":{"start":{"line":37,"column":0},"end":{"line":37,"column":14}},"37":{"start":{"line":38,"column":0},"end":{"line":38,"column":12}},"38":{"start":{"line":39,"column":0},"end":{"line":39,"column":13}},"40":{"start":{"line":41,"column":0},"end":{"line":41,"column":2}},"42":{"start":{"line":43,"column":0},"end":{"line":43,"column":22}}},"s":{"0":1,"1":1,"3":1,"4":12,"5":12,"6":12,"8":12,"9":12,"10":12,"12":12,"13":12,"16":12,"17":12,"18":12,"19":12,"20":12,"21":12,"22":12,"23":12,"24":12,"27":12,"28":12,"29":12,"30":12,"31":12,"32":12,"33":12,"34":12,"35":12,"36":12,"37":12,"38":12,"40":12,"42":1},"branchMap":{"0":{"type":"branch","line":4,"loc":{"start":{"line":4,"column":15},"end":{"line":41,"column":2}},"locations":[{"start":{"line":4,"column":15},"end":{"line":41,"column":2}}]}},"b":{"0":[12]},"fnMap":{"0":{"name":"Footer","decl":{"start":{"line":4,"column":15},"end":{"line":41,"column":2}},"loc":{"start":{"line":4,"column":15},"end":{"line":41,"column":2}},"line":4}},"f":{"0":12}}
,"D:\\OneDrive\\M1 Infor Lyon 1\\S2\\mif10_grp10_2024\\transport-co2\\src\\components\\Navbar.jsx": {"path":"D:\\OneDrive\\M1 Infor Lyon 1\\S2\\mif10_grp10_2024\\transport-co2\\src\\components\\Navbar.jsx","all":false,"statementMap":{"0":{"start":{"line":1,"column":0},"end":{"line":1,"column":51}},"1":{"start":{"line":2,"column":0},"end":{"line":2,"column":66}},"2":{"start":{"line":3,"column":0},"end":{"line":3,"column":50}},"3":{"start":{"line":4,"column":0},"end":{"line":4,"column":39}},"4":{"start":{"line":5,"column":0},"end":{"line":5,"column":42}},"6":{"start":{"line":7,"column":0},"end":{"line":7,"column":22}},"7":{"start":{"line":8,"column":0},"end":{"line":8,"column":41}},"8":{"start":{"line":9,"column":0},"end":{"line":9,"column":39}},"9":{"start":{"line":10,"column":0},"end":{"line":10,"column":50}},"10":{"start":{"line":11,"column":0},"end":{"line":11,"column":46}},"11":{"start":{"line":12,"column":0},"end":{"line":12,"column":50}},"12":{"start":{"line":13,"column":0},"end":{"line":13,"column":33}},"13":{"start":{"line":14,"column":0},"end":{"line":14,"column":33}},"15":{"start":{"line":16,"column":0},"end":{"line":16,"column":39}},"16":{"start":{"line":17,"column":0},"end":{"line":17,"column":66}},"17":{"start":{"line":18,"column":0},"end":{"line":18,"column":21}},"18":{"start":{"line":19,"column":0},"end":{"line":19,"column":26}},"19":{"start":{"line":20,"column":0},"end":{"line":20,"column":31}},"20":{"start":{"line":21,"column":0},"end":{"line":21,"column":12}},"21":{"start":{"line":22,"column":0},"end":{"line":22,"column":20}},"22":{"start":{"line":23,"column":0},"end":{"line":23,"column":18}},"23":{"start":{"line":24,"column":0},"end":{"line":24,"column":5}},"24":{"start":{"line":25,"column":0},"end":{"line":25,"column":4}},"26":{"start":{"line":27,"column":0},"end":{"line":27,"column":19}},"27":{"start":{"line":28,"column":0},"end":{"line":28,"column":28}},"28":{"start":{"line":29,"column":0},"end":{"line":29,"column":62}},"29":{"start":{"line":30,"column":0},"end":{"line":30,"column":78}},"30":{"start":{"line":31,"column":0},"end":{"line":31,"column":9}},"32":{"start":{"line":33,"column":0},"end":{"line":33,"column":19}},"33":{"start":{"line":34,"column":0},"end":{"line":34,"column":64}},"34":{"start":{"line":35,"column":0},"end":{"line":35,"column":52}},"35":{"start":{"line":36,"column":0},"end":{"line":36,"column":68}},"36":{"start":{"line":37,"column":0},"end":{"line":37,"column":9}},"38":{"start":{"line":39,"column":0},"end":{"line":39,"column":19}},"39":{"start":{"line":40,"column":0},"end":{"line":40,"column":59}},"40":{"start":{"line":41,"column":0},"end":{"line":41,"column":20}},"41":{"start":{"line":42,"column":0},"end":{"line":42,"column":72}},"42":{"start":{"line":43,"column":0},"end":{"line":43,"column":9}},"44":{"start":{"line":45,"column":0},"end":{"line":45,"column":30}},"45":{"start":{"line":46,"column":0},"end":{"line":46,"column":38}},"46":{"start":{"line":47,"column":0},"end":{"line":47,"column":39}},"47":{"start":{"line":48,"column":0},"end":{"line":48,"column":18}},"48":{"start":{"line":49,"column":0},"end":{"line":49,"column":16}},"49":{"start":{"line":50,"column":0},"end":{"line":50,"column":47}},"50":{"start":{"line":51,"column":0},"end":{"line":51,"column":35}},"51":{"start":{"line":52,"column":0},"end":{"line":52,"column":23}},"52":{"start":{"line":53,"column":0},"end":{"line":53,"column":4}},"54":{"start":{"line":55,"column":0},"end":{"line":55,"column":29}},"55":{"start":{"line":56,"column":0},"end":{"line":56,"column":58}},"56":{"start":{"line":57,"column":0},"end":{"line":57,"column":44}},"57":{"start":{"line":58,"column":0},"end":{"line":58,"column":23}},"58":{"start":{"line":59,"column":0},"end":{"line":59,"column":75}},"59":{"start":{"line":60,"column":0},"end":{"line":60,"column":4}},"61":{"start":{"line":62,"column":0},"end":{"line":62,"column":50}},"62":{"start":{"line":63,"column":0},"end":{"line":63,"column":64}},"64":{"start":{"line":65,"column":0},"end":{"line":65,"column":10}},"65":{"start":{"line":66,"column":0},"end":{"line":66,"column":71}},"66":{"start":{"line":67,"column":0},"end":{"line":67,"column":37}},"68":{"start":{"line":69,"column":0},"end":{"line":69,"column":96}},"69":{"start":{"line":70,"column":0},"end":{"line":70,"column":83}},"70":{"start":{"line":71,"column":0},"end":{"line":71,"column":70}},"71":{"start":{"line":72,"column":0},"end":{"line":72,"column":15}},"74":{"start":{"line":75,"column":0},"end":{"line":75,"column":35}},"75":{"start":{"line":76,"column":0},"end":{"line":76,"column":57}},"76":{"start":{"line":77,"column":0},"end":{"line":77,"column":81}},"77":{"start":{"line":78,"column":0},"end":{"line":78,"column":19}},"78":{"start":{"line":79,"column":0},"end":{"line":79,"column":14}},"81":{"start":{"line":82,"column":0},"end":{"line":82,"column":71}},"82":{"start":{"line":83,"column":0},"end":{"line":83,"column":70}},"83":{"start":{"line":84,"column":0},"end":{"line":84,"column":17}},"84":{"start":{"line":85,"column":0},"end":{"line":85,"column":24}},"85":{"start":{"line":86,"column":0},"end":{"line":86,"column":23}},"86":{"start":{"line":87,"column":0},"end":{"line":87,"column":149}},"87":{"start":{"line":88,"column":0},"end":{"line":88,"column":30}},"88":{"start":{"line":89,"column":0},"end":{"line":89,"column":48}},"89":{"start":{"line":90,"column":0},"end":{"line":90,"column":50}},"90":{"start":{"line":91,"column":0},"end":{"line":91,"column":17}},"92":{"start":{"line":93,"column":0},"end":{"line":93,"column":69}},"93":{"start":{"line":94,"column":0},"end":{"line":94,"column":19}},"94":{"start":{"line":95,"column":0},"end":{"line":95,"column":13}},"96":{"start":{"line":97,"column":0},"end":{"line":97,"column":20}},"97":{"start":{"line":98,"column":0},"end":{"line":98,"column":17}},"98":{"start":{"line":99,"column":0},"end":{"line":99,"column":30}},"99":{"start":{"line":100,"column":0},"end":{"line":100,"column":149}},"100":{"start":{"line":101,"column":0},"end":{"line":101,"column":39}},"101":{"start":{"line":102,"column":0},"end":{"line":102,"column":48}},"102":{"start":{"line":103,"column":0},"end":{"line":103,"column":50}},"103":{"start":{"line":104,"column":0},"end":{"line":104,"column":17}},"104":{"start":{"line":105,"column":0},"end":{"line":105,"column":13}},"106":{"start":{"line":107,"column":0},"end":{"line":107,"column":19}},"109":{"start":{"line":110,"column":0},"end":{"line":110,"column":32}},"110":{"start":{"line":111,"column":0},"end":{"line":111,"column":17}},"111":{"start":{"line":112,"column":0},"end":{"line":112,"column":25}},"112":{"start":{"line":113,"column":0},"end":{"line":113,"column":149}},"113":{"start":{"line":114,"column":0},"end":{"line":114,"column":34}},"114":{"start":{"line":115,"column":0},"end":{"line":115,"column":48}},"115":{"start":{"line":116,"column":0},"end":{"line":116,"column":50}},"116":{"start":{"line":117,"column":0},"end":{"line":117,"column":17}},"117":{"start":{"line":118,"column":0},"end":{"line":118,"column":13}},"119":{"start":{"line":120,"column":0},"end":{"line":120,"column":19}},"123":{"start":{"line":124,"column":0},"end":{"line":124,"column":95}},"124":{"start":{"line":125,"column":0},"end":{"line":125,"column":91}},"125":{"start":{"line":126,"column":0},"end":{"line":126,"column":19}},"128":{"start":{"line":129,"column":0},"end":{"line":129,"column":19}},"129":{"start":{"line":130,"column":0},"end":{"line":130,"column":68}},"131":{"start":{"line":132,"column":0},"end":{"line":132,"column":40}},"132":{"start":{"line":133,"column":0},"end":{"line":133,"column":76}},"133":{"start":{"line":134,"column":0},"end":{"line":134,"column":79}},"134":{"start":{"line":135,"column":0},"end":{"line":135,"column":18}},"136":{"start":{"line":137,"column":0},"end":{"line":137,"column":14}},"137":{"start":{"line":138,"column":0},"end":{"line":138,"column":12}},"140":{"start":{"line":141,"column":0},"end":{"line":141,"column":20}},"141":{"start":{"line":142,"column":0},"end":{"line":142,"column":19}},"142":{"start":{"line":143,"column":0},"end":{"line":143,"column":42}},"143":{"start":{"line":144,"column":0},"end":{"line":144,"column":40}},"144":{"start":{"line":145,"column":0},"end":{"line":145,"column":71}},"146":{"start":{"line":147,"column":0},"end":{"line":147,"column":70}},"147":{"start":{"line":148,"column":0},"end":{"line":148,"column":17}},"148":{"start":{"line":149,"column":0},"end":{"line":149,"column":24}},"149":{"start":{"line":150,"column":0},"end":{"line":150,"column":23}},"150":{"start":{"line":151,"column":0},"end":{"line":151,"column":34}},"151":{"start":{"line":152,"column":0},"end":{"line":152,"column":44}},"152":{"start":{"line":153,"column":0},"end":{"line":153,"column":63}},"153":{"start":{"line":154,"column":0},"end":{"line":154,"column":17}},"155":{"start":{"line":156,"column":0},"end":{"line":156,"column":69}},"156":{"start":{"line":157,"column":0},"end":{"line":157,"column":19}},"157":{"start":{"line":158,"column":0},"end":{"line":158,"column":13}},"158":{"start":{"line":159,"column":0},"end":{"line":159,"column":81}},"159":{"start":{"line":160,"column":0},"end":{"line":160,"column":92}},"161":{"start":{"line":162,"column":0},"end":{"line":162,"column":40}},"162":{"start":{"line":163,"column":0},"end":{"line":163,"column":67}},"163":{"start":{"line":164,"column":0},"end":{"line":164,"column":19}},"165":{"start":{"line":166,"column":0},"end":{"line":166,"column":19}},"166":{"start":{"line":167,"column":0},"end":{"line":167,"column":53}},"167":{"start":{"line":168,"column":0},"end":{"line":168,"column":49}},"168":{"start":{"line":169,"column":0},"end":{"line":169,"column":51}},"169":{"start":{"line":170,"column":0},"end":{"line":170,"column":18}},"170":{"start":{"line":171,"column":0},"end":{"line":171,"column":85}},"172":{"start":{"line":173,"column":0},"end":{"line":173,"column":21}},"173":{"start":{"line":174,"column":0},"end":{"line":174,"column":21}},"174":{"start":{"line":175,"column":0},"end":{"line":175,"column":32}},"175":{"start":{"line":176,"column":0},"end":{"line":176,"column":31}},"176":{"start":{"line":177,"column":0},"end":{"line":177,"column":33}},"177":{"start":{"line":178,"column":0},"end":{"line":178,"column":18}},"178":{"start":{"line":179,"column":0},"end":{"line":179,"column":86}},"179":{"start":{"line":180,"column":0},"end":{"line":180,"column":15}},"181":{"start":{"line":182,"column":0},"end":{"line":182,"column":23}},"182":{"start":{"line":183,"column":0},"end":{"line":183,"column":18}},"184":{"start":{"line":185,"column":0},"end":{"line":185,"column":49}},"185":{"start":{"line":186,"column":0},"end":{"line":186,"column":69}},"186":{"start":{"line":187,"column":0},"end":{"line":187,"column":72}},"187":{"start":{"line":188,"column":0},"end":{"line":188,"column":18}},"189":{"start":{"line":190,"column":0},"end":{"line":190,"column":21}},"191":{"start":{"line":192,"column":0},"end":{"line":192,"column":10}},"193":{"start":{"line":194,"column":0},"end":{"line":194,"column":2}},"195":{"start":{"line":196,"column":0},"end":{"line":196,"column":22}}},"s":{"0":1,"1":1,"2":1,"3":1,"4":1,"6":1,"7":16,"8":16,"9":16,"10":16,"11":16,"12":16,"13":16,"15":16,"16":12,"17":12,"18":3,"19":3,"20":12,"21":9,"22":9,"23":9,"24":12,"26":16,"27":11,"28":11,"29":11,"30":16,"32":16,"33":11,"34":11,"35":11,"36":16,"38":16,"39":11,"40":11,"41":11,"42":16,"44":16,"45":1,"46":1,"47":1,"48":1,"49":1,"50":1,"51":1,"52":1,"54":16,"55":0,"56":0,"57":0,"58":0,"59":0,"61":16,"62":16,"64":16,"65":16,"66":16,"68":16,"69":16,"70":16,"71":16,"74":16,"75":16,"76":16,"77":16,"78":16,"81":16,"82":16,"83":48,"84":48,"85":48,"86":48,"87":48,"88":2,"89":46,"90":48,"92":48,"93":48,"94":16,"96":16,"97":4,"98":4,"99":4,"100":4,"101":0,"102":4,"103":4,"104":4,"106":4,"109":16,"110":1,"111":1,"112":1,"113":1,"114":0,"115":1,"116":1,"117":1,"119":1,"123":16,"124":16,"125":16,"128":16,"129":4,"131":12,"132":12,"133":12,"134":12,"136":16,"137":16,"140":16,"141":1,"142":1,"143":1,"144":1,"146":1,"147":3,"148":3,"149":3,"150":3,"151":3,"152":3,"153":3,"155":3,"156":3,"157":1,"158":1,"159":1,"161":1,"162":1,"163":1,"165":1,"166":1,"167":1,"168":1,"169":1,"170":1,"172":1,"173":1,"174":1,"175":1,"176":1,"177":1,"178":1,"179":1,"181":1,"182":1,"184":0,"185":0,"186":0,"187":0,"189":1,"191":16,"193":16,"195":1},"branchMap":{"0":{"type":"branch","line":7,"loc":{"start":{"line":7,"column":15},"end":{"line":194,"column":2}},"locations":[{"start":{"line":7,"column":15},"end":{"line":194,"column":2}}]},"1":{"type":"branch","line":67,"loc":{"start":{"line":67,"column":8},"end":{"line":67,"column":33}},"locations":[{"start":{"line":67,"column":8},"end":{"line":67,"column":33}}]},"2":{"type":"branch","line":77,"loc":{"start":{"line":77,"column":13},"end":{"line":77,"column":52}},"locations":[{"start":{"line":77,"column":13},"end":{"line":77,"column":52}}]},"3":{"type":"branch","line":77,"loc":{"start":{"line":77,"column":47},"end":{"line":77,"column":81}},"locations":[{"start":{"line":77,"column":47},"end":{"line":77,"column":81}}]},"4":{"type":"branch","line":97,"loc":{"start":{"line":97,"column":11},"end":{"line":107,"column":19}},"locations":[{"start":{"line":97,"column":11},"end":{"line":107,"column":19}}]},"5":{"type":"branch","line":101,"loc":{"start":{"line":101,"column":38},"end":{"line":102,"column":48}},"locations":[{"start":{"line":101,"column":38},"end":{"line":102,"column":48}}]},"6":{"type":"branch","line":110,"loc":{"start":{"line":110,"column":20},"end":{"line":120,"column":19}},"locations":[{"start":{"line":110,"column":20},"end":{"line":120,"column":19}}]},"7":{"type":"branch","line":114,"loc":{"start":{"line":114,"column":33},"end":{"line":115,"column":48}},"locations":[{"start":{"line":114,"column":33},"end":{"line":115,"column":48}}]},"8":{"type":"branch","line":125,"loc":{"start":{"line":125,"column":23},"end":{"line":125,"column":63}},"locations":[{"start":{"line":125,"column":23},"end":{"line":125,"column":63}}]},"9":{"type":"branch","line":129,"loc":{"start":{"line":129,"column":11},"end":{"line":130,"column":68}},"locations":[{"start":{"line":129,"column":11},"end":{"line":130,"column":68}}]},"10":{"type":"branch","line":130,"loc":{"start":{"line":130,"column":66},"end":{"line":135,"column":18}},"locations":[{"start":{"line":130,"column":66},"end":{"line":135,"column":18}}]},"11":{"type":"branch","line":141,"loc":{"start":{"line":141,"column":7},"end":{"line":190,"column":21}},"locations":[{"start":{"line":141,"column":7},"end":{"line":190,"column":21}}]},"12":{"type":"branch","line":160,"loc":{"start":{"line":160,"column":20},"end":{"line":160,"column":92}},"locations":[{"start":{"line":160,"column":20},"end":{"line":160,"column":92}}]},"13":{"type":"branch","line":163,"loc":{"start":{"line":163,"column":23},"end":{"line":163,"column":51}},"locations":[{"start":{"line":163,"column":23},"end":{"line":163,"column":51}}]},"14":{"type":"branch","line":183,"loc":{"start":{"line":183,"column":12},"end":{"line":188,"column":18}},"locations":[{"start":{"line":183,"column":12},"end":{"line":188,"column":18}}]},"15":{"type":"branch","line":16,"loc":{"start":{"line":16,"column":32},"end":{"line":25,"column":4}},"locations":[{"start":{"line":16,"column":32},"end":{"line":25,"column":4}}]},"16":{"type":"branch","line":18,"loc":{"start":{"line":18,"column":20},"end":{"line":21,"column":11}},"locations":[{"start":{"line":18,"column":20},"end":{"line":21,"column":11}}]},"17":{"type":"branch","line":21,"loc":{"start":{"line":21,"column":4},"end":{"line":24,"column":5}},"locations":[{"start":{"line":21,"column":4},"end":{"line":24,"column":5}}]},"18":{"type":"branch","line":27,"loc":{"start":{"line":27,"column":12},"end":{"line":31,"column":5}},"locations":[{"start":{"line":27,"column":12},"end":{"line":31,"column":5}}]},"19":{"type":"branch","line":30,"loc":{"start":{"line":30,"column":11},"end":{"line":30,"column":78}},"locations":[{"start":{"line":30,"column":11},"end":{"line":30,"column":78}}]},"20":{"type":"branch","line":33,"loc":{"start":{"line":33,"column":12},"end":{"line":37,"column":5}},"locations":[{"start":{"line":33,"column":12},"end":{"line":37,"column":5}}]},"21":{"type":"branch","line":36,"loc":{"start":{"line":36,"column":11},"end":{"line":36,"column":68}},"locations":[{"start":{"line":36,"column":11},"end":{"line":36,"column":68}}]},"22":{"type":"branch","line":39,"loc":{"start":{"line":39,"column":12},"end":{"line":43,"column":5}},"locations":[{"start":{"line":39,"column":12},"end":{"line":43,"column":5}}]},"23":{"type":"branch","line":45,"loc":{"start":{"line":45,"column":23},"end":{"line":53,"column":4}},"locations":[{"start":{"line":45,"column":23},"end":{"line":53,"column":4}}]},"24":{"type":"branch","line":62,"loc":{"start":{"line":62,"column":21},"end":{"line":62,"column":50}},"locations":[{"start":{"line":62,"column":21},"end":{"line":62,"column":50}}]},"25":{"type":"branch","line":63,"loc":{"start":{"line":63,"column":19},"end":{"line":63,"column":64}},"locations":[{"start":{"line":63,"column":19},"end":{"line":63,"column":64}}]},"26":{"type":"branch","line":83,"loc":{"start":{"line":83,"column":59},"end":{"line":94,"column":19}},"locations":[{"start":{"line":83,"column":59},"end":{"line":94,"column":19}}]},"27":{"type":"branch","line":88,"loc":{"start":{"line":88,"column":29},"end":{"line":89,"column":48}},"locations":[{"start":{"line":88,"column":29},"end":{"line":89,"column":48}}]},"28":{"type":"branch","line":89,"loc":{"start":{"line":89,"column":20},"end":{"line":90,"column":50}},"locations":[{"start":{"line":89,"column":20},"end":{"line":90,"column":50}}]},"29":{"type":"branch","line":147,"loc":{"start":{"line":147,"column":59},"end":{"line":157,"column":19}},"locations":[{"start":{"line":147,"column":59},"end":{"line":157,"column":19}}]},"30":{"type":"branch","line":153,"loc":{"start":{"line":153,"column":29},"end":{"line":153,"column":61}},"locations":[{"start":{"line":153,"column":29},"end":{"line":153,"column":61}}]},"31":{"type":"branch","line":175,"loc":{"start":{"line":175,"column":25},"end":{"line":178,"column":18}},"locations":[{"start":{"line":175,"column":25},"end":{"line":178,"column":18}}]}},"b":{"0":[16],"1":[0],"2":[1],"3":[15],"4":[4],"5":[0],"6":[1],"7":[0],"8":[0],"9":[4],"10":[12],"11":[1],"12":[0],"13":[0],"14":[0],"15":[12],"16":[3],"17":[9],"18":[11],"19":[11],"20":[11],"21":[11],"22":[11],"23":[1],"24":[2],"25":[56],"26":[48],"27":[2],"28":[46],"29":[3],"30":[0],"31":[1]},"fnMap":{"0":{"name":"Navbar","decl":{"start":{"line":7,"column":15},"end":{"line":194,"column":2}},"loc":{"start":{"line":7,"column":15},"end":{"line":194,"column":2}},"line":7},"1":{"name":"updateUserFromStorage","decl":{"start":{"line":16,"column":32},"end":{"line":25,"column":4}},"loc":{"start":{"line":16,"column":32},"end":{"line":25,"column":4}},"line":16},"2":{"name":"handleScroll","decl":{"start":{"line":34,"column":25},"end":{"line":34,"column":64}},"loc":{"start":{"line":34,"column":25},"end":{"line":34,"column":64}},"line":34},"3":{"name":"handleLogout","decl":{"start":{"line":45,"column":23},"end":{"line":53,"column":4}},"loc":{"start":{"line":45,"column":23},"end":{"line":53,"column":4}},"line":45},"4":{"name":"toggleTheme","decl":{"start":{"line":55,"column":22},"end":{"line":60,"column":4}},"loc":{"start":{"line":55,"column":22},"end":{"line":60,"column":4}},"line":55},"5":{"name":"toggleMenu","decl":{"start":{"line":62,"column":21},"end":{"line":62,"column":50}},"loc":{"start":{"line":62,"column":21},"end":{"line":62,"column":50}},"line":62},"6":{"name":"isActive","decl":{"start":{"line":63,"column":19},"end":{"line":63,"column":64}},"loc":{"start":{"line":63,"column":19},"end":{"line":63,"column":64}},"line":63},"7":{"name":"onClick","decl":{"start":{"line":175,"column":25},"end":{"line":178,"column":18}},"loc":{"start":{"line":175,"column":25},"end":{"line":178,"column":18}},"line":175}},"f":{"0":16,"1":12,"2":0,"3":1,"4":0,"5":2,"6":56,"7":1}}
,"D:\\OneDrive\\M1 Infor Lyon 1\\S2\\mif10_grp10_2024\\transport-co2\\src\\components\\SimulationChart.jsx": {"path":"D:\\OneDrive\\M1 Infor Lyon 1\\S2\\mif10_grp10_2024\\transport-co2\\src\\components\\SimulationChart.jsx","all":false,"statementMap":{"0":{"start":{"line":1,"column":0},"end":{"line":1,"column":40}},"1":{"start":{"line":2,"column":0},"end":{"line":2,"column":39}},"2":{"start":{"line":3,"column":0},"end":{"line":3,"column":8}},"13":{"start":{"line":14,"column":0},"end":{"line":14,"column":17}},"14":{"start":{"line":15,"column":0},"end":{"line":15,"column":16}},"15":{"start":{"line":16,"column":0},"end":{"line":16,"column":14}},"16":{"start":{"line":17,"column":0},"end":{"line":17,"column":14}},"17":{"start":{"line":18,"column":0},"end":{"line":18,"column":15}},"18":{"start":{"line":19,"column":0},"end":{"line":19,"column":8}},"19":{"start":{"line":20,"column":0},"end":{"line":20,"column":10}},"20":{"start":{"line":21,"column":0},"end":{"line":21,"column":8}},"21":{"start":{"line":22,"column":0},"end":{"line":22,"column":2}},"23":{"start":{"line":24,"column":0},"end":{"line":24,"column":40}},"24":{"start":{"line":25,"column":0},"end":{"line":25,"column":74}},"26":{"start":{"line":27,"column":0},"end":{"line":27,"column":37}},"27":{"start":{"line":28,"column":0},"end":{"line":28,"column":12}},"28":{"start":{"line":29,"column":0},"end":{"line":29,"column":47}},"30":{"start":{"line":31,"column":0},"end":{"line":31,"column":10}},"32":{"start":{"line":33,"column":0},"end":{"line":33,"column":3}},"34":{"start":{"line":35,"column":0},"end":{"line":35,"column":38}},"35":{"start":{"line":36,"column":0},"end":{"line":36,"column":24}},"36":{"start":{"line":37,"column":0},"end":{"line":37,"column":29}},"37":{"start":{"line":38,"column":0},"end":{"line":38,"column":19}},"38":{"start":{"line":39,"column":0},"end":{"line":39,"column":35}},"39":{"start":{"line":40,"column":0},"end":{"line":40,"column":14}},"40":{"start":{"line":41,"column":0},"end":{"line":41,"column":20}},"41":{"start":{"line":42,"column":0},"end":{"line":42,"column":39}},"42":{"start":{"line":43,"column":0},"end":{"line":43,"column":14}},"43":{"start":{"line":44,"column":0},"end":{"line":44,"column":21}},"44":{"start":{"line":45,"column":0},"end":{"line":45,"column":40}},"45":{"start":{"line":46,"column":0},"end":{"line":46,"column":14}},"46":{"start":{"line":47,"column":0},"end":{"line":47,"column":14}},"47":{"start":{"line":48,"column":0},"end":{"line":48,"column":35}},"48":{"start":{"line":49,"column":0},"end":{"line":49,"column":5}},"50":{"start":{"line":51,"column":0},"end":{"line":51,"column":24}},"51":{"start":{"line":52,"column":0},"end":{"line":52,"column":18}},"52":{"start":{"line":53,"column":0},"end":{"line":53,"column":46}},"53":{"start":{"line":54,"column":0},"end":{"line":54,"column":31}},"54":{"start":{"line":55,"column":0},"end":{"line":55,"column":48}},"55":{"start":{"line":56,"column":0},"end":{"line":56,"column":5}},"56":{"start":{"line":57,"column":0},"end":{"line":57,"column":22}},"57":{"start":{"line":58,"column":0},"end":{"line":58,"column":4}},"59":{"start":{"line":60,"column":0},"end":{"line":60,"column":36}},"60":{"start":{"line":61,"column":0},"end":{"line":61,"column":40}},"61":{"start":{"line":62,"column":0},"end":{"line":62,"column":35}},"62":{"start":{"line":63,"column":0},"end":{"line":63,"column":4}},"64":{"start":{"line":65,"column":0},"end":{"line":65,"column":62}},"66":{"start":{"line":67,"column":0},"end":{"line":67,"column":73}},"67":{"start":{"line":68,"column":0},"end":{"line":68,"column":72}},"68":{"start":{"line":69,"column":0},"end":{"line":69,"column":70}},"69":{"start":{"line":70,"column":0},"end":{"line":70,"column":38}},"70":{"start":{"line":71,"column":0},"end":{"line":71,"column":5}},"72":{"start":{"line":73,"column":0},"end":{"line":73,"column":16}},"73":{"start":{"line":74,"column":0},"end":{"line":74,"column":71}},"74":{"start":{"line":75,"column":0},"end":{"line":75,"column":15}},"75":{"start":{"line":76,"column":0},"end":{"line":76,"column":37}},"76":{"start":{"line":77,"column":0},"end":{"line":77,"column":46}},"77":{"start":{"line":78,"column":0},"end":{"line":78,"column":43}},"78":{"start":{"line":79,"column":0},"end":{"line":79,"column":46}},"79":{"start":{"line":80,"column":0},"end":{"line":80,"column":45}},"81":{"start":{"line":82,"column":0},"end":{"line":82,"column":16}},"82":{"start":{"line":83,"column":0},"end":{"line":83,"column":70}},"83":{"start":{"line":84,"column":0},"end":{"line":84,"column":39}},"84":{"start":{"line":85,"column":0},"end":{"line":85,"column":29}},"85":{"start":{"line":86,"column":0},"end":{"line":86,"column":43}},"86":{"start":{"line":87,"column":0},"end":{"line":87,"column":78}},"87":{"start":{"line":88,"column":0},"end":{"line":88,"column":90}},"88":{"start":{"line":89,"column":0},"end":{"line":89,"column":88}},"89":{"start":{"line":90,"column":0},"end":{"line":90,"column":28}},"90":{"start":{"line":91,"column":0},"end":{"line":91,"column":12}},"91":{"start":{"line":92,"column":0},"end":{"line":92,"column":46}},"92":{"start":{"line":93,"column":0},"end":{"line":93,"column":55}},"93":{"start":{"line":94,"column":0},"end":{"line":94,"column":21}},"94":{"start":{"line":95,"column":0},"end":{"line":95,"column":23}},"95":{"start":{"line":96,"column":0},"end":{"line":96,"column":25}},"96":{"start":{"line":97,"column":0},"end":{"line":97,"column":30}},"97":{"start":{"line":98,"column":0},"end":{"line":98,"column":35}},"98":{"start":{"line":99,"column":0},"end":{"line":99,"column":44}},"99":{"start":{"line":100,"column":0},"end":{"line":100,"column":10}},"100":{"start":{"line":101,"column":0},"end":{"line":101,"column":25}},"101":{"start":{"line":102,"column":0},"end":{"line":102,"column":7}},"102":{"start":{"line":103,"column":0},"end":{"line":103,"column":39}},"103":{"start":{"line":104,"column":0},"end":{"line":104,"column":24}},"104":{"start":{"line":105,"column":0},"end":{"line":105,"column":28}},"105":{"start":{"line":106,"column":0},"end":{"line":106,"column":27}},"106":{"start":{"line":107,"column":0},"end":{"line":107,"column":23}},"107":{"start":{"line":108,"column":0},"end":{"line":108,"column":23}},"108":{"start":{"line":109,"column":0},"end":{"line":109,"column":20}},"109":{"start":{"line":110,"column":0},"end":{"line":110,"column":8}},"110":{"start":{"line":111,"column":0},"end":{"line":111,"column":6}},"111":{"start":{"line":112,"column":0},"end":{"line":112,"column":4}},"113":{"start":{"line":114,"column":0},"end":{"line":114,"column":19}},"114":{"start":{"line":115,"column":0},"end":{"line":115,"column":21}},"115":{"start":{"line":116,"column":0},"end":{"line":116,"column":31}},"116":{"start":{"line":117,"column":0},"end":{"line":117,"column":14}},"117":{"start":{"line":118,"column":0},"end":{"line":118,"column":15}},"118":{"start":{"line":119,"column":0},"end":{"line":119,"column":27}},"119":{"start":{"line":120,"column":0},"end":{"line":120,"column":17}},"120":{"start":{"line":121,"column":0},"end":{"line":121,"column":29}},"121":{"start":{"line":122,"column":0},"end":{"line":122,"column":22}},"122":{"start":{"line":123,"column":0},"end":{"line":123,"column":10}},"123":{"start":{"line":124,"column":0},"end":{"line":124,"column":8}},"124":{"start":{"line":125,"column":0},"end":{"line":125,"column":16}},"125":{"start":{"line":126,"column":0},"end":{"line":126,"column":20}},"126":{"start":{"line":127,"column":0},"end":{"line":127,"column":27}},"127":{"start":{"line":128,"column":0},"end":{"line":128,"column":97}},"128":{"start":{"line":129,"column":0},"end":{"line":129,"column":12}},"129":{"start":{"line":130,"column":0},"end":{"line":130,"column":10}},"130":{"start":{"line":131,"column":0},"end":{"line":131,"column":8}},"131":{"start":{"line":132,"column":0},"end":{"line":132,"column":6}},"132":{"start":{"line":133,"column":0},"end":{"line":133,"column":13}},"133":{"start":{"line":134,"column":0},"end":{"line":134,"column":10}},"134":{"start":{"line":135,"column":0},"end":{"line":135,"column":16}},"135":{"start":{"line":136,"column":0},"end":{"line":136,"column":24}},"136":{"start":{"line":137,"column":0},"end":{"line":137,"column":31}},"137":{"start":{"line":138,"column":0},"end":{"line":138,"column":10}},"138":{"start":{"line":139,"column":0},"end":{"line":139,"column":16}},"139":{"start":{"line":140,"column":0},"end":{"line":140,"column":61}},"140":{"start":{"line":141,"column":0},"end":{"line":141,"column":10}},"141":{"start":{"line":142,"column":0},"end":{"line":142,"column":8}},"142":{"start":{"line":143,"column":0},"end":{"line":143,"column":10}},"143":{"start":{"line":144,"column":0},"end":{"line":144,"column":16}},"144":{"start":{"line":145,"column":0},"end":{"line":145,"column":24}},"145":{"start":{"line":146,"column":0},"end":{"line":146,"column":23}},"146":{"start":{"line":147,"column":0},"end":{"line":147,"column":10}},"147":{"start":{"line":148,"column":0},"end":{"line":148,"column":8}},"148":{"start":{"line":149,"column":0},"end":{"line":149,"column":6}},"149":{"start":{"line":150,"column":0},"end":{"line":150,"column":4}},"151":{"start":{"line":152,"column":0},"end":{"line":152,"column":10}},"152":{"start":{"line":153,"column":0},"end":{"line":153,"column":58}},"153":{"start":{"line":154,"column":0},"end":{"line":154,"column":61}},"155":{"start":{"line":156,"column":0},"end":{"line":156,"column":11}},"157":{"start":{"line":158,"column":0},"end":{"line":158,"column":64}},"158":{"start":{"line":159,"column":0},"end":{"line":159,"column":37}},"159":{"start":{"line":160,"column":0},"end":{"line":160,"column":73}},"160":{"start":{"line":161,"column":0},"end":{"line":161,"column":18}},"161":{"start":{"line":162,"column":0},"end":{"line":162,"column":29}},"162":{"start":{"line":163,"column":0},"end":{"line":163,"column":43}},"163":{"start":{"line":164,"column":0},"end":{"line":164,"column":31}},"164":{"start":{"line":165,"column":0},"end":{"line":165,"column":50}},"165":{"start":{"line":166,"column":0},"end":{"line":166,"column":49}},"166":{"start":{"line":167,"column":0},"end":{"line":167,"column":41}},"167":{"start":{"line":168,"column":0},"end":{"line":168,"column":16}},"168":{"start":{"line":169,"column":0},"end":{"line":169,"column":14}},"169":{"start":{"line":170,"column":0},"end":{"line":170,"column":23}},"170":{"start":{"line":171,"column":0},"end":{"line":171,"column":18}},"171":{"start":{"line":172,"column":0},"end":{"line":172,"column":11}},"172":{"start":{"line":173,"column":0},"end":{"line":173,"column":12}},"174":{"start":{"line":175,"column":0},"end":{"line":175,"column":33}},"175":{"start":{"line":176,"column":0},"end":{"line":176,"column":46}},"176":{"start":{"line":177,"column":0},"end":{"line":177,"column":12}},"177":{"start":{"line":178,"column":0},"end":{"line":178,"column":10}},"179":{"start":{"line":180,"column":0},"end":{"line":180,"column":2}},"181":{"start":{"line":182,"column":0},"end":{"line":182,"column":31}}},"s":{"0":1,"1":1,"2":1,"13":1,"14":1,"15":1,"16":1,"17":1,"18":1,"19":1,"20":1,"21":1,"23":1,"24":2,"26":2,"27":1,"28":1,"30":1,"32":1,"34":1,"35":4,"36":4,"37":4,"38":4,"39":4,"40":4,"41":0,"42":0,"43":4,"44":0,"45":0,"46":4,"47":0,"48":4,"50":4,"51":4,"52":4,"53":12,"54":12,"55":12,"56":4,"57":4,"59":1,"60":1,"61":1,"62":1,"64":1,"66":1,"67":3,"68":3,"69":3,"70":1,"72":1,"73":1,"74":1,"75":1,"76":1,"77":1,"78":1,"79":1,"81":1,"82":1,"83":1,"84":1,"85":1,"86":0,"87":0,"88":0,"89":0,"90":0,"91":1,"92":1,"93":1,"94":1,"95":1,"96":1,"97":1,"98":1,"99":1,"100":1,"101":1,"102":1,"103":1,"104":1,"105":1,"106":1,"107":1,"108":1,"109":1,"110":1,"111":1,"113":1,"114":1,"115":1,"116":1,"117":1,"118":1,"119":1,"120":1,"121":1,"122":1,"123":1,"124":1,"125":1,"126":1,"127":0,"128":0,"129":1,"130":1,"131":1,"132":1,"133":1,"134":1,"135":1,"136":1,"137":1,"138":1,"139":1,"140":1,"141":1,"142":1,"143":1,"144":1,"145":1,"146":1,"147":1,"148":1,"149":1,"151":1,"152":1,"153":1,"155":1,"157":1,"158":1,"159":1,"160":1,"161":1,"162":1,"163":1,"164":0,"165":0,"166":0,"167":0,"168":1,"169":1,"170":1,"171":1,"172":1,"174":1,"175":1,"176":1,"177":1,"179":1,"181":1},"branchMap":{"0":{"type":"branch","line":24,"loc":{"start":{"line":24,"column":24},"end":{"line":180,"column":2}},"locations":[{"start":{"line":24,"column":24},"end":{"line":180,"column":2}}]},"1":{"type":"branch","line":27,"loc":{"start":{"line":27,"column":36},"end":{"line":180,"column":2}},"locations":[{"start":{"line":27,"column":36},"end":{"line":180,"column":2}}]},"2":{"type":"branch","line":25,"loc":{"start":{"line":25,"column":61},"end":{"line":25,"column":71}},"locations":[{"start":{"line":25,"column":61},"end":{"line":25,"column":71}}]},"3":{"type":"branch","line":35,"loc":{"start":{"line":35,"column":27},"end":{"line":58,"column":4}},"locations":[{"start":{"line":35,"column":27},"end":{"line":58,"column":4}}]},"4":{"type":"branch","line":41,"loc":{"start":{"line":41,"column":6},"end":{"line":43,"column":14}},"locations":[{"start":{"line":41,"column":6},"end":{"line":43,"column":14}}]},"5":{"type":"branch","line":44,"loc":{"start":{"line":44,"column":6},"end":{"line":46,"column":14}},"locations":[{"start":{"line":44,"column":6},"end":{"line":46,"column":14}}]},"6":{"type":"branch","line":47,"loc":{"start":{"line":47,"column":6},"end":{"line":48,"column":35}},"locations":[{"start":{"line":47,"column":6},"end":{"line":48,"column":35}}]},"7":{"type":"branch","line":53,"loc":{"start":{"line":53,"column":45},"end":{"line":56,"column":5}},"locations":[{"start":{"line":53,"column":45},"end":{"line":56,"column":5}}]},"8":{"type":"branch","line":60,"loc":{"start":{"line":60,"column":24},"end":{"line":63,"column":4}},"locations":[{"start":{"line":60,"column":24},"end":{"line":63,"column":4}}]},"9":{"type":"branch","line":65,"loc":{"start":{"line":65,"column":35},"end":{"line":65,"column":60}},"locations":[{"start":{"line":65,"column":35},"end":{"line":65,"column":60}}]},"10":{"type":"branch","line":67,"loc":{"start":{"line":67,"column":62},"end":{"line":71,"column":3}},"locations":[{"start":{"line":67,"column":62},"end":{"line":71,"column":3}}]},"11":{"type":"branch","line":68,"loc":{"start":{"line":68,"column":35},"end":{"line":68,"column":70}},"locations":[{"start":{"line":68,"column":35},"end":{"line":68,"column":70}}]},"12":{"type":"branch","line":69,"loc":{"start":{"line":69,"column":34},"end":{"line":69,"column":51}},"locations":[{"start":{"line":69,"column":34},"end":{"line":69,"column":51}}]},"13":{"type":"branch","line":74,"loc":{"start":{"line":74,"column":54},"end":{"line":74,"column":69}},"locations":[{"start":{"line":74,"column":54},"end":{"line":74,"column":69}}]},"14":{"type":"branch","line":76,"loc":{"start":{"line":76,"column":19},"end":{"line":101,"column":7}},"locations":[{"start":{"line":76,"column":19},"end":{"line":101,"column":7}}]},"15":{"type":"branch","line":77,"loc":{"start":{"line":77,"column":34},"end":{"line":77,"column":46}},"locations":[{"start":{"line":77,"column":34},"end":{"line":77,"column":46}}]},"16":{"type":"branch","line":92,"loc":{"start":{"line":92,"column":23},"end":{"line":92,"column":44}},"locations":[{"start":{"line":92,"column":23},"end":{"line":92,"column":44}}]},"17":{"type":"branch","line":93,"loc":{"start":{"line":93,"column":22},"end":{"line":93,"column":45}},"locations":[{"start":{"line":93,"column":22},"end":{"line":93,"column":45}}]},"18":{"type":"branch","line":159,"loc":{"start":{"line":159,"column":19},"end":{"line":171,"column":18}},"locations":[{"start":{"line":159,"column":19},"end":{"line":171,"column":18}}]}},"b":{"0":[2],"1":[1],"2":[1],"3":[4],"4":[0],"5":[0],"6":[0],"7":[12],"8":[1],"9":[1],"10":[3],"11":[3],"12":[3],"13":[3],"14":[1],"15":[0],"16":[0],"17":[0],"18":[1]},"fnMap":{"0":{"name":"SimulationChart","decl":{"start":{"line":24,"column":24},"end":{"line":180,"column":2}},"loc":{"start":{"line":24,"column":24},"end":{"line":180,"column":2}},"line":24},"1":{"name":"getEmissionsData","decl":{"start":{"line":35,"column":27},"end":{"line":58,"column":4}},"loc":{"start":{"line":35,"column":27},"end":{"line":58,"column":4}},"line":35},"2":{"name":"generateColor","decl":{"start":{"line":60,"column":24},"end":{"line":63,"column":4}},"loc":{"start":{"line":60,"column":24},"end":{"line":63,"column":4}},"line":60},"3":{"name":"backgroundColor","decl":{"start":{"line":86,"column":27},"end":{"line":91,"column":12}},"loc":{"start":{"line":86,"column":27},"end":{"line":91,"column":12}},"line":86},"4":{"name":"label","decl":{"start":{"line":127,"column":17},"end":{"line":129,"column":12}},"loc":{"start":{"line":127,"column":17},"end":{"line":129,"column":12}},"line":127},"5":{"name":"callback","decl":{"start":{"line":140,"column":20},"end":{"line":140,"column":61}},"loc":{"start":{"line":140,"column":20},"end":{"line":140,"column":61}},"line":140},"6":{"name":"onChange","decl":{"start":{"line":164,"column":24},"end":{"line":168,"column":16}},"loc":{"start":{"line":164,"column":24},"end":{"line":168,"column":16}},"line":164}},"f":{"0":2,"1":4,"2":1,"3":0,"4":0,"5":0,"6":0}}
,"D:\\OneDrive\\M1 Infor Lyon 1\\S2\\mif10_grp10_2024\\transport-co2\\src\\components\\TransportList.jsx": {"path":"D:\\OneDrive\\M1 Infor Lyon 1\\S2\\mif10_grp10_2024\\transport-co2\\src\\components\\TransportList.jsx","all":false,"statementMap":{"0":{"start":{"line":1,"column":0},"end":{"line":1,"column":26}},"2":{"start":{"line":3,"column":0},"end":{"line":3,"column":26}},"3":{"start":{"line":4,"column":0},"end":{"line":4,"column":87}},"4":{"start":{"line":5,"column":0},"end":{"line":5,"column":96}},"5":{"start":{"line":6,"column":0},"end":{"line":6,"column":85}},"6":{"start":{"line":7,"column":0},"end":{"line":7,"column":82}},"7":{"start":{"line":8,"column":0},"end":{"line":8,"column":2}},"9":{"start":{"line":10,"column":0},"end":{"line":10,"column":29}},"10":{"start":{"line":11,"column":0},"end":{"line":11,"column":10}},"11":{"start":{"line":12,"column":0},"end":{"line":12,"column":44}},"12":{"start":{"line":13,"column":0},"end":{"line":13,"column":148}},"13":{"start":{"line":14,"column":0},"end":{"line":14,"column":15}},"14":{"start":{"line":15,"column":0},"end":{"line":15,"column":49}},"15":{"start":{"line":16,"column":0},"end":{"line":16,"column":64}},"16":{"start":{"line":17,"column":0},"end":{"line":17,"column":65}},"17":{"start":{"line":18,"column":0},"end":{"line":18,"column":64}},"18":{"start":{"line":19,"column":0},"end":{"line":19,"column":69}},"19":{"start":{"line":20,"column":0},"end":{"line":20,"column":15}},"20":{"start":{"line":21,"column":0},"end":{"line":21,"column":16}},"21":{"start":{"line":22,"column":0},"end":{"line":22,"column":15}},"22":{"start":{"line":23,"column":0},"end":{"line":23,"column":52}},"23":{"start":{"line":24,"column":0},"end":{"line":24,"column":15}},"24":{"start":{"line":25,"column":0},"end":{"line":25,"column":29}},"25":{"start":{"line":26,"column":0},"end":{"line":26,"column":40}},"26":{"start":{"line":27,"column":0},"end":{"line":27,"column":31}},"27":{"start":{"line":28,"column":0},"end":{"line":28,"column":50}},"28":{"start":{"line":29,"column":0},"end":{"line":29,"column":47}},"29":{"start":{"line":30,"column":0},"end":{"line":30,"column":17}},"31":{"start":{"line":32,"column":0},"end":{"line":32,"column":111}},"32":{"start":{"line":33,"column":0},"end":{"line":33,"column":81}},"33":{"start":{"line":34,"column":0},"end":{"line":34,"column":19}},"34":{"start":{"line":35,"column":0},"end":{"line":35,"column":96}},"35":{"start":{"line":36,"column":0},"end":{"line":36,"column":96}},"36":{"start":{"line":37,"column":0},"end":{"line":37,"column":95}},"37":{"start":{"line":38,"column":0},"end":{"line":38,"column":17}},"38":{"start":{"line":39,"column":0},"end":{"line":39,"column":13}},"39":{"start":{"line":40,"column":0},"end":{"line":40,"column":16}},"40":{"start":{"line":41,"column":0},"end":{"line":41,"column":14}},"41":{"start":{"line":42,"column":0},"end":{"line":42,"column":10}},"43":{"start":{"line":44,"column":0},"end":{"line":44,"column":2}},"45":{"start":{"line":46,"column":0},"end":{"line":46,"column":29}}},"s":{"0":1,"2":1,"3":1,"4":1,"5":1,"6":1,"7":1,"9":1,"10":1,"11":1,"12":1,"13":1,"14":1,"15":1,"16":1,"17":1,"18":1,"19":1,"20":1,"21":1,"22":1,"23":4,"24":4,"25":4,"26":4,"27":2,"28":2,"29":4,"31":4,"32":4,"33":4,"34":4,"35":4,"36":4,"37":4,"38":1,"39":1,"40":1,"41":1,"43":1,"45":1},"branchMap":{"0":{"type":"branch","line":10,"loc":{"start":{"line":10,"column":22},"end":{"line":44,"column":2}},"locations":[{"start":{"line":10,"column":22},"end":{"line":44,"column":2}}]},"1":{"type":"branch","line":23,"loc":{"start":{"line":23,"column":32},"end":{"line":38,"column":17}},"locations":[{"start":{"line":23,"column":32},"end":{"line":38,"column":17}}]},"2":{"type":"branch","line":27,"loc":{"start":{"line":27,"column":30},"end":{"line":28,"column":50}},"locations":[{"start":{"line":27,"column":30},"end":{"line":28,"column":50}}]},"3":{"type":"branch","line":28,"loc":{"start":{"line":28,"column":20},"end":{"line":29,"column":47}},"locations":[{"start":{"line":28,"column":20},"end":{"line":29,"column":47}}]}},"b":{"0":[1],"1":[4],"2":[2],"3":[2]},"fnMap":{"0":{"name":"TransportList","decl":{"start":{"line":10,"column":22},"end":{"line":44,"column":2}},"loc":{"start":{"line":10,"column":22},"end":{"line":44,"column":2}},"line":10}},"f":{"0":1}}
,"D:\\OneDrive\\M1 Infor Lyon 1\\S2\\mif10_grp10_2024\\transport-co2\\src\\components\\TransportManager.jsx": {"path":"D:\\OneDrive\\M1 Infor Lyon 1\\S2\\mif10_grp10_2024\\transport-co2\\src\\components\\TransportManager.jsx","all":false,"statementMap":{"1":{"start":{"line":2,"column":0},"end":{"line":2,"column":51}},"2":{"start":{"line":3,"column":0},"end":{"line":3,"column":26}},"4":{"start":{"line":5,"column":0},"end":{"line":5,"column":50}},"6":{"start":{"line":7,"column":0},"end":{"line":7,"column":32}},"7":{"start":{"line":8,"column":0},"end":{"line":8,"column":51}},"8":{"start":{"line":9,"column":0},"end":{"line":9,"column":74}},"9":{"start":{"line":10,"column":0},"end":{"line":10,"column":65}},"10":{"start":{"line":11,"column":0},"end":{"line":11,"column":43}},"11":{"start":{"line":12,"column":0},"end":{"line":12,"column":52}},"12":{"start":{"line":13,"column":0},"end":{"line":13,"column":86}},"13":{"start":{"line":14,"column":0},"end":{"line":14,"column":48}},"15":{"start":{"line":16,"column":0},"end":{"line":16,"column":19}},"16":{"start":{"line":17,"column":0},"end":{"line":17,"column":33}},"17":{"start":{"line":18,"column":0},"end":{"line":18,"column":14}},"19":{"start":{"line":20,"column":0},"end":{"line":20,"column":39}},"20":{"start":{"line":21,"column":0},"end":{"line":21,"column":23}},"21":{"start":{"line":22,"column":0},"end":{"line":22,"column":19}},"22":{"start":{"line":23,"column":0},"end":{"line":23,"column":9}},"23":{"start":{"line":24,"column":0},"end":{"line":24,"column":80}},"24":{"start":{"line":25,"column":0},"end":{"line":25,"column":54}},"25":{"start":{"line":26,"column":0},"end":{"line":26,"column":9}},"26":{"start":{"line":27,"column":0},"end":{"line":27,"column":45}},"27":{"start":{"line":28,"column":0},"end":{"line":28,"column":17}},"28":{"start":{"line":29,"column":0},"end":{"line":29,"column":20}},"29":{"start":{"line":30,"column":0},"end":{"line":30,"column":34}},"30":{"start":{"line":31,"column":0},"end":{"line":31,"column":11}},"31":{"start":{"line":32,"column":0},"end":{"line":32,"column":17}},"32":{"start":{"line":33,"column":0},"end":{"line":33,"column":98}},"33":{"start":{"line":34,"column":0},"end":{"line":34,"column":15}},"34":{"start":{"line":35,"column":0},"end":{"line":35,"column":26}},"35":{"start":{"line":36,"column":0},"end":{"line":36,"column":5}},"36":{"start":{"line":37,"column":0},"end":{"line":37,"column":4}},"38":{"start":{"line":39,"column":0},"end":{"line":39,"column":31}},"39":{"start":{"line":40,"column":0},"end":{"line":40,"column":74}},"40":{"start":{"line":41,"column":0},"end":{"line":41,"column":4}},"42":{"start":{"line":43,"column":0},"end":{"line":43,"column":35}},"43":{"start":{"line":44,"column":0},"end":{"line":44,"column":82}},"44":{"start":{"line":45,"column":0},"end":{"line":45,"column":4}},"46":{"start":{"line":47,"column":0},"end":{"line":47,"column":36}},"47":{"start":{"line":48,"column":0},"end":{"line":48,"column":39}},"48":{"start":{"line":49,"column":0},"end":{"line":49,"column":74}},"50":{"start":{"line":51,"column":0},"end":{"line":51,"column":9}},"51":{"start":{"line":52,"column":0},"end":{"line":52,"column":64}},"52":{"start":{"line":53,"column":0},"end":{"line":53,"column":18}},"53":{"start":{"line":54,"column":0},"end":{"line":54,"column":44}},"54":{"start":{"line":55,"column":0},"end":{"line":55,"column":60}},"55":{"start":{"line":56,"column":0},"end":{"line":56,"column":45}},"56":{"start":{"line":57,"column":0},"end":{"line":57,"column":24}},"57":{"start":{"line":58,"column":0},"end":{"line":58,"column":17}},"58":{"start":{"line":59,"column":0},"end":{"line":59,"column":68}},"59":{"start":{"line":60,"column":0},"end":{"line":60,"column":5}},"60":{"start":{"line":61,"column":0},"end":{"line":61,"column":4}},"62":{"start":{"line":63,"column":0},"end":{"line":63,"column":39}},"63":{"start":{"line":64,"column":0},"end":{"line":64,"column":43}},"64":{"start":{"line":65,"column":0},"end":{"line":65,"column":74}},"66":{"start":{"line":67,"column":0},"end":{"line":67,"column":9}},"67":{"start":{"line":68,"column":0},"end":{"line":68,"column":86}},"68":{"start":{"line":69,"column":0},"end":{"line":69,"column":18}},"69":{"start":{"line":70,"column":0},"end":{"line":70,"column":44}},"70":{"start":{"line":71,"column":0},"end":{"line":71,"column":60}},"71":{"start":{"line":72,"column":0},"end":{"line":72,"column":32}},"72":{"start":{"line":73,"column":0},"end":{"line":73,"column":24}},"73":{"start":{"line":74,"column":0},"end":{"line":74,"column":17}},"74":{"start":{"line":75,"column":0},"end":{"line":75,"column":68}},"75":{"start":{"line":76,"column":0},"end":{"line":76,"column":5}},"76":{"start":{"line":77,"column":0},"end":{"line":77,"column":4}},"78":{"start":{"line":79,"column":0},"end":{"line":79,"column":41}},"79":{"start":{"line":80,"column":0},"end":{"line":80,"column":9}},"80":{"start":{"line":81,"column":0},"end":{"line":81,"column":72}},"81":{"start":{"line":82,"column":0},"end":{"line":82,"column":54}},"82":{"start":{"line":83,"column":0},"end":{"line":83,"column":9}},"83":{"start":{"line":84,"column":0},"end":{"line":84,"column":24}},"84":{"start":{"line":85,"column":0},"end":{"line":85,"column":17}},"85":{"start":{"line":86,"column":0},"end":{"line":86,"column":68}},"86":{"start":{"line":87,"column":0},"end":{"line":87,"column":5}},"87":{"start":{"line":88,"column":0},"end":{"line":88,"column":4}},"89":{"start":{"line":90,"column":0},"end":{"line":90,"column":32}},"90":{"start":{"line":91,"column":0},"end":{"line":91,"column":32}},"91":{"start":{"line":92,"column":0},"end":{"line":92,"column":97}},"92":{"start":{"line":93,"column":0},"end":{"line":93,"column":38}},"93":{"start":{"line":94,"column":0},"end":{"line":94,"column":4}},"95":{"start":{"line":96,"column":0},"end":{"line":96,"column":59}},"96":{"start":{"line":97,"column":0},"end":{"line":97,"column":34}},"97":{"start":{"line":98,"column":0},"end":{"line":98,"column":109}},"98":{"start":{"line":99,"column":0},"end":{"line":99,"column":109}},"99":{"start":{"line":100,"column":0},"end":{"line":100,"column":50}},"100":{"start":{"line":101,"column":0},"end":{"line":101,"column":5}},"102":{"start":{"line":103,"column":0},"end":{"line":103,"column":10}},"103":{"start":{"line":104,"column":0},"end":{"line":104,"column":148}},"104":{"start":{"line":105,"column":0},"end":{"line":105,"column":84}},"105":{"start":{"line":106,"column":0},"end":{"line":106,"column":68}},"106":{"start":{"line":107,"column":0},"end":{"line":107,"column":39}},"107":{"start":{"line":108,"column":0},"end":{"line":108,"column":99}},"108":{"start":{"line":109,"column":0},"end":{"line":109,"column":85}},"109":{"start":{"line":110,"column":0},"end":{"line":110,"column":16}},"110":{"start":{"line":111,"column":0},"end":{"line":111,"column":42}},"111":{"start":{"line":112,"column":0},"end":{"line":112,"column":49}},"112":{"start":{"line":113,"column":0},"end":{"line":113,"column":46}},"113":{"start":{"line":114,"column":0},"end":{"line":114,"column":17}},"114":{"start":{"line":115,"column":0},"end":{"line":115,"column":18}},"115":{"start":{"line":116,"column":0},"end":{"line":116,"column":17}},"116":{"start":{"line":117,"column":0},"end":{"line":117,"column":40}},"117":{"start":{"line":118,"column":0},"end":{"line":118,"column":109}},"118":{"start":{"line":119,"column":0},"end":{"line":119,"column":254}},"119":{"start":{"line":120,"column":0},"end":{"line":120,"column":261}},"120":{"start":{"line":121,"column":0},"end":{"line":121,"column":62}},"121":{"start":{"line":122,"column":0},"end":{"line":122,"column":52}},"122":{"start":{"line":123,"column":0},"end":{"line":123,"column":22}},"123":{"start":{"line":124,"column":0},"end":{"line":124,"column":139}},"124":{"start":{"line":125,"column":0},"end":{"line":125,"column":153}},"125":{"start":{"line":126,"column":0},"end":{"line":126,"column":23}},"127":{"start":{"line":128,"column":0},"end":{"line":128,"column":22}},"128":{"start":{"line":129,"column":0},"end":{"line":129,"column":150}},"129":{"start":{"line":130,"column":0},"end":{"line":130,"column":148}},"130":{"start":{"line":131,"column":0},"end":{"line":131,"column":23}},"132":{"start":{"line":133,"column":0},"end":{"line":133,"column":21}},"133":{"start":{"line":134,"column":0},"end":{"line":134,"column":19}},"134":{"start":{"line":135,"column":0},"end":{"line":135,"column":15}},"135":{"start":{"line":136,"column":0},"end":{"line":136,"column":18}},"136":{"start":{"line":137,"column":0},"end":{"line":137,"column":16}},"137":{"start":{"line":138,"column":0},"end":{"line":138,"column":12}},"138":{"start":{"line":139,"column":0},"end":{"line":139,"column":51}},"139":{"start":{"line":140,"column":0},"end":{"line":140,"column":228}},"140":{"start":{"line":141,"column":0},"end":{"line":141,"column":221}},"141":{"start":{"line":142,"column":0},"end":{"line":142,"column":128}},"142":{"start":{"line":143,"column":0},"end":{"line":143,"column":12}},"143":{"start":{"line":144,"column":0},"end":{"line":144,"column":10}},"145":{"start":{"line":146,"column":0},"end":{"line":146,"column":2}},"147":{"start":{"line":148,"column":0},"end":{"line":148,"column":32}}},"s":{"1":1,"2":1,"4":1,"6":1,"7":20,"8":20,"9":20,"10":20,"11":20,"12":20,"13":20,"15":20,"16":5,"17":20,"19":20,"20":7,"21":7,"22":7,"23":7,"24":7,"25":7,"26":7,"27":4,"28":4,"29":4,"30":7,"31":7,"32":1,"33":7,"34":7,"35":7,"36":7,"38":20,"39":2,"40":2,"42":20,"43":2,"44":2,"46":20,"47":1,"48":1,"50":1,"51":1,"52":1,"53":1,"54":1,"55":1,"56":1,"57":1,"58":0,"59":0,"60":1,"62":20,"63":1,"64":1,"66":1,"67":1,"68":1,"69":1,"70":1,"71":1,"72":1,"73":1,"74":0,"75":0,"76":1,"78":20,"79":1,"80":1,"81":1,"82":1,"83":1,"84":1,"85":0,"86":0,"87":1,"89":20,"90":0,"91":0,"92":0,"93":0,"95":20,"96":1,"97":1,"98":1,"99":1,"100":20,"102":20,"103":20,"104":20,"105":20,"106":20,"107":20,"108":20,"109":20,"110":20,"111":20,"112":20,"113":20,"114":20,"115":20,"116":20,"117":8,"118":8,"119":8,"120":8,"121":8,"122":3,"123":3,"124":3,"125":3,"127":5,"128":5,"129":5,"130":5,"132":8,"133":8,"134":20,"135":20,"136":20,"137":20,"138":20,"139":20,"140":20,"141":20,"142":20,"143":20,"145":20,"147":1},"branchMap":{"0":{"type":"branch","line":7,"loc":{"start":{"line":7,"column":25},"end":{"line":146,"column":2}},"locations":[{"start":{"line":7,"column":25},"end":{"line":146,"column":2}}]},"1":{"type":"branch","line":106,"loc":{"start":{"line":106,"column":7},"end":{"line":106,"column":68}},"locations":[{"start":{"line":106,"column":7},"end":{"line":106,"column":68}}]},"2":{"type":"branch","line":16,"loc":{"start":{"line":16,"column":12},"end":{"line":18,"column":5}},"locations":[{"start":{"line":16,"column":12},"end":{"line":18,"column":5}}]},"3":{"type":"branch","line":17,"loc":{"start":{"line":17,"column":15},"end":{"line":17,"column":33}},"locations":[{"start":{"line":17,"column":15},"end":{"line":17,"column":33}}]},"4":{"type":"branch","line":20,"loc":{"start":{"line":20,"column":26},"end":{"line":37,"column":4}},"locations":[{"start":{"line":20,"column":26},"end":{"line":37,"column":4}}]},"5":{"type":"branch","line":32,"loc":{"start":{"line":32,"column":4},"end":{"line":34,"column":6}},"locations":[{"start":{"line":32,"column":4},"end":{"line":34,"column":6}}]},"6":{"type":"branch","line":33,"loc":{"start":{"line":33,"column":58},"end":{"line":33,"column":85}},"locations":[{"start":{"line":33,"column":58},"end":{"line":33,"column":85}}]},"7":{"type":"branch","line":27,"loc":{"start":{"line":27,"column":38},"end":{"line":31,"column":8}},"locations":[{"start":{"line":27,"column":38},"end":{"line":31,"column":8}}]},"8":{"type":"branch","line":39,"loc":{"start":{"line":39,"column":23},"end":{"line":41,"column":4}},"locations":[{"start":{"line":39,"column":23},"end":{"line":41,"column":4}}]},"9":{"type":"branch","line":43,"loc":{"start":{"line":43,"column":27},"end":{"line":45,"column":4}},"locations":[{"start":{"line":43,"column":27},"end":{"line":45,"column":4}}]},"10":{"type":"branch","line":47,"loc":{"start":{"line":47,"column":23},"end":{"line":61,"column":4}},"locations":[{"start":{"line":47,"column":23},"end":{"line":61,"column":4}}]},"11":{"type":"branch","line":49,"loc":{"start":{"line":49,"column":23},"end":{"line":49,"column":74}},"locations":[{"start":{"line":49,"column":23},"end":{"line":49,"column":74}}]},"12":{"type":"branch","line":58,"loc":{"start":{"line":58,"column":4},"end":{"line":60,"column":5}},"locations":[{"start":{"line":58,"column":4},"end":{"line":60,"column":5}}]},"13":{"type":"branch","line":63,"loc":{"start":{"line":63,"column":26},"end":{"line":77,"column":4}},"locations":[{"start":{"line":63,"column":26},"end":{"line":77,"column":4}}]},"14":{"type":"branch","line":65,"loc":{"start":{"line":65,"column":23},"end":{"line":65,"column":74}},"locations":[{"start":{"line":65,"column":23},"end":{"line":65,"column":74}}]},"15":{"type":"branch","line":74,"loc":{"start":{"line":74,"column":4},"end":{"line":76,"column":5}},"locations":[{"start":{"line":74,"column":4},"end":{"line":76,"column":5}}]},"16":{"type":"branch","line":79,"loc":{"start":{"line":79,"column":26},"end":{"line":88,"column":4}},"locations":[{"start":{"line":79,"column":26},"end":{"line":88,"column":4}}]},"17":{"type":"branch","line":85,"loc":{"start":{"line":85,"column":4},"end":{"line":87,"column":5}},"locations":[{"start":{"line":85,"column":4},"end":{"line":87,"column":5}}]},"18":{"type":"branch","line":96,"loc":{"start":{"line":96,"column":48},"end":{"line":101,"column":3}},"locations":[{"start":{"line":96,"column":48},"end":{"line":101,"column":3}}]},"19":{"type":"branch","line":97,"loc":{"start":{"line":97,"column":32},"end":{"line":98,"column":79}},"locations":[{"start":{"line":97,"column":32},"end":{"line":98,"column":79}}]},"20":{"type":"branch","line":98,"loc":{"start":{"line":98,"column":75},"end":{"line":98,"column":109}},"locations":[{"start":{"line":98,"column":75},"end":{"line":98,"column":109}}]},"21":{"type":"branch","line":99,"loc":{"start":{"line":99,"column":36},"end":{"line":99,"column":79}},"locations":[{"start":{"line":99,"column":36},"end":{"line":99,"column":79}}]},"22":{"type":"branch","line":99,"loc":{"start":{"line":99,"column":75},"end":{"line":99,"column":109}},"locations":[{"start":{"line":99,"column":75},"end":{"line":99,"column":109}}]},"23":{"type":"branch","line":100,"loc":{"start":{"line":100,"column":18},"end":{"line":100,"column":30}},"locations":[{"start":{"line":100,"column":18},"end":{"line":100,"column":30}}]},"24":{"type":"branch","line":100,"loc":{"start":{"line":100,"column":25},"end":{"line":100,"column":50}},"locations":[{"start":{"line":100,"column":25},"end":{"line":100,"column":50}}]},"25":{"type":"branch","line":117,"loc":{"start":{"line":117,"column":34},"end":{"line":134,"column":19}},"locations":[{"start":{"line":117,"column":34},"end":{"line":134,"column":19}}]},"26":{"type":"branch","line":119,"loc":{"start":{"line":119,"column":37},"end":{"line":119,"column":62}},"locations":[{"start":{"line":119,"column":37},"end":{"line":119,"column":62}}]},"27":{"type":"branch","line":119,"loc":{"start":{"line":119,"column":64},"end":{"line":119,"column":242}},"locations":[{"start":{"line":119,"column":64},"end":{"line":119,"column":242}}]},"28":{"type":"branch","line":119,"loc":{"start":{"line":119,"column":237},"end":{"line":119,"column":249}},"locations":[{"start":{"line":119,"column":237},"end":{"line":119,"column":249}}]},"29":{"type":"branch","line":120,"loc":{"start":{"line":120,"column":37},"end":{"line":120,"column":62}},"locations":[{"start":{"line":120,"column":37},"end":{"line":120,"column":62}}]},"30":{"type":"branch","line":120,"loc":{"start":{"line":120,"column":64},"end":{"line":120,"column":240}},"locations":[{"start":{"line":120,"column":64},"end":{"line":120,"column":240}}]},"31":{"type":"branch","line":120,"loc":{"start":{"line":120,"column":235},"end":{"line":120,"column":256}},"locations":[{"start":{"line":120,"column":235},"end":{"line":120,"column":256}}]},"32":{"type":"branch","line":122,"loc":{"
[...]
300":{"start":{"line":301,"column":0},"end":{"line":301,"column":21}},"301":{"start":{"line":302,"column":0},"end":{"line":302,"column":13}},"302":{"start":{"line":303,"column":0},"end":{"line":303,"column":14}},"305":{"start":{"line":306,"column":0},"end":{"line":306,"column":30}},"306":{"start":{"line":307,"column":0},"end":{"line":307,"column":62}},"308":{"start":{"line":309,"column":0},"end":{"line":309,"column":18}},"309":{"start":{"line":310,"column":0},"end":{"line":310,"column":17}},"310":{"start":{"line":311,"column":0},"end":{"line":311,"column":142}},"311":{"start":{"line":312,"column":0},"end":{"line":312,"column":29}},"312":{"start":{"line":313,"column":0},"end":{"line":313,"column":58}},"314":{"start":{"line":315,"column":0},"end":{"line":315,"column":57}},"315":{"start":{"line":316,"column":0},"end":{"line":316,"column":58}},"316":{"start":{"line":317,"column":0},"end":{"line":317,"column":56}},"317":{"start":{"line":318,"column":0},"end":{"line":318,"column":19}},"318":{"start":{"line":319,"column":0},"end":{"line":319,"column":14}},"320":{"start":{"line":321,"column":0},"end":{"line":321,"column":30}},"321":{"start":{"line":322,"column":0},"end":{"line":322,"column":62}},"323":{"start":{"line":324,"column":0},"end":{"line":324,"column":18}},"324":{"start":{"line":325,"column":0},"end":{"line":325,"column":16}},"325":{"start":{"line":326,"column":0},"end":{"line":326,"column":25}},"326":{"start":{"line":327,"column":0},"end":{"line":327,"column":175}},"327":{"start":{"line":328,"column":0},"end":{"line":328,"column":28}},"328":{"start":{"line":329,"column":0},"end":{"line":329,"column":65}},"329":{"start":{"line":330,"column":0},"end":{"line":330,"column":19}},"330":{"start":{"line":331,"column":0},"end":{"line":331,"column":21}},"331":{"start":{"line":332,"column":0},"end":{"line":332,"column":12}},"332":{"start":{"line":333,"column":0},"end":{"line":333,"column":14}},"334":{"start":{"line":335,"column":0},"end":{"line":335,"column":56}},"335":{"start":{"line":336,"column":0},"end":{"line":336,"column":17}},"336":{"start":{"line":337,"column":0},"end":{"line":337,"column":116}},"337":{"start":{"line":338,"column":0},"end":{"line":338,"column":29}},"338":{"start":{"line":339,"column":0},"end":{"line":339,"column":52}},"339":{"start":{"line":340,"column":0},"end":{"line":340,"column":11}},"341":{"start":{"line":342,"column":0},"end":{"line":342,"column":19}},"342":{"start":{"line":343,"column":0},"end":{"line":343,"column":14}},"344":{"start":{"line":345,"column":0},"end":{"line":345,"column":30}},"345":{"start":{"line":346,"column":0},"end":{"line":346,"column":76}},"346":{"start":{"line":347,"column":0},"end":{"line":347,"column":75}},"347":{"start":{"line":348,"column":0},"end":{"line":348,"column":16}},"348":{"start":{"line":349,"column":0},"end":{"line":349,"column":43}},"349":{"start":{"line":350,"column":0},"end":{"line":350,"column":19}},"350":{"start":{"line":351,"column":0},"end":{"line":351,"column":29}},"351":{"start":{"line":352,"column":0},"end":{"line":352,"column":113}},"353":{"start":{"line":354,"column":0},"end":{"line":354,"column":23}},"354":{"start":{"line":355,"column":0},"end":{"line":355,"column":73}},"355":{"start":{"line":356,"column":0},"end":{"line":356,"column":61}},"356":{"start":{"line":357,"column":0},"end":{"line":357,"column":24}},"357":{"start":{"line":358,"column":0},"end":{"line":358,"column":25}},"358":{"start":{"line":359,"column":0},"end":{"line":359,"column":36}},"359":{"start":{"line":360,"column":0},"end":{"line":360,"column":49}},"360":{"start":{"line":361,"column":0},"end":{"line":361,"column":47}},"361":{"start":{"line":362,"column":0},"end":{"line":362,"column":40}},"362":{"start":{"line":363,"column":0},"end":{"line":363,"column":22}},"363":{"start":{"line":364,"column":0},"end":{"line":364,"column":76}},"364":{"start":{"line":365,"column":0},"end":{"line":365,"column":47}},"365":{"start":{"line":366,"column":0},"end":{"line":366,"column":19}},"367":{"start":{"line":368,"column":0},"end":{"line":368,"column":27}},"368":{"start":{"line":369,"column":0},"end":{"line":369,"column":21}},"369":{"start":{"line":370,"column":0},"end":{"line":370,"column":17}},"370":{"start":{"line":371,"column":0},"end":{"line":371,"column":17}},"371":{"start":{"line":372,"column":0},"end":{"line":372,"column":45}},"372":{"start":{"line":373,"column":0},"end":{"line":373,"column":16}},"375":{"start":{"line":376,"column":0},"end":{"line":376,"column":39}},"376":{"start":{"line":377,"column":0},"end":{"line":377,"column":52}},"377":{"start":{"line":378,"column":0},"end":{"line":378,"column":19}},"378":{"start":{"line":379,"column":0},"end":{"line":379,"column":49}},"379":{"start":{"line":380,"column":0},"end":{"line":380,"column":100}},"380":{"start":{"line":381,"column":0},"end":{"line":381,"column":45}},"381":{"start":{"line":382,"column":0},"end":{"line":382,"column":13}},"383":{"start":{"line":384,"column":0},"end":{"line":384,"column":21}},"384":{"start":{"line":385,"column":0},"end":{"line":385,"column":16}},"386":{"start":{"line":387,"column":0},"end":{"line":387,"column":12}},"387":{"start":{"line":388,"column":0},"end":{"line":388,"column":10}},"389":{"start":{"line":390,"column":0},"end":{"line":390,"column":2}},"391":{"start":{"line":392,"column":0},"end":{"line":392,"column":26}}},"s":{"0":1,"1":1,"2":1,"4":1,"5":12,"6":12,"7":12,"8":12,"9":12,"10":12,"11":12,"12":12,"13":12,"14":12,"15":12,"17":12,"18":2,"20":2,"21":2,"22":2,"23":2,"25":2,"26":2,"27":2,"28":2,"29":2,"30":2,"32":2,"33":2,"35":2,"37":2,"38":4,"39":4,"40":2,"41":2,"43":4,"44":4,"45":4,"46":4,"47":4,"48":4,"49":4,"50":4,"51":2,"53":2,"54":8,"56":2,"57":2,"59":2,"60":2,"61":0,"62":0,"63":0,"64":0,"65":2,"67":2,"68":2,"69":2,"70":2,"71":2,"73":2,"74":2,"75":2,"76":4,"77":2,"78":2,"79":2,"80":2,"81":2,"82":2,"83":2,"84":2,"85":2,"86":0,"87":2,"88":2,"89":4,"90":4,"91":4,"93":4,"94":4,"95":2,"96":2,"97":2,"99":4,"100":4,"101":4,"102":4,"103":4,"104":4,"105":4,"106":2,"108":2,"111":2,"112":2,"113":2,"114":2,"117":2,"118":0,"119":0,"120":0,"121":0,"122":2,"123":2,"124":0,"125":0,"126":0,"127":0,"129":2,"130":2,"132":12,"133":0,"134":0,"136":12,"137":0,"138":0,"139":0,"140":0,"141":0,"142":0,"144":0,"145":0,"146":0,"147":0,"148":0,"149":0,"150":0,"151":0,"153":0,"154":0,"155":0,"157":12,"158":0,"159":0,"160":0,"161":0,"162":0,"163":0,"165":0,"167":0,"168":0,"169":0,"170":0,"171":0,"172":0,"173":0,"174":0,"175":0,"176":0,"177":0,"178":0,"179":0,"180":0,"181":0,"182":0,"184":0,"185":0,"188":0,"189":0,"190":0,"191":0,"192":0,"193":0,"194":0,"195":0,"196":0,"197":0,"199":0,"200":0,"201":0,"202":0,"203":0,"204":0,"205":0,"206":0,"208":12,"209":12,"210":12,"211":12,"213":12,"215":12,"216":12,"217":12,"218":12,"219":12,"220":12,"221":12,"222":12,"223":12,"224":12,"225":12,"226":12,"227":12,"228":12,"229":12,"230":12,"232":12,"233":12,"234":12,"235":12,"236":12,"237":12,"239":12,"240":12,"242":12,"243":2,"245":2,"248":12,"249":2,"251":2,"254":12,"255":12,"256":12,"257":12,"258":2,"259":10,"260":12,"262":12,"263":4,"264":4,"265":4,"266":0,"267":0,"268":0,"270":4,"271":4,"273":4,"274":2,"275":2,"276":4,"277":4,"278":4,"281":4,"282":4,"283":2,"285":2,"287":4,"288":4,"289":4,"290":4,"291":2,"293":2,"295":4,"296":2,"297":2,"298":2,"300":4,"301":12,"302":12,"305":12,"306":12,"308":12,"309":12,"310":12,"311":12,"312":12,"314":12,"315":12,"316":12,"317":12,"318":12,"320":12,"321":12,"323":12,"324":12,"325":12,"326":12,"327":12,"328":12,"329":12,"330":12,"331":12,"332":12,"334":12,"335":12,"336":12,"337":12,"338":12,"339":12,"341":12,"342":12,"344":12,"345":0,"346":0,"347":0,"348":0,"349":0,"350":0,"351":0,"353":0,"354":0,"355":0,"356":0,"357":0,"358":0,"359":0,"360":0,"361":0,"362":0,"363":0,"364":0,"365":0,"367":0,"368":0,"369":0,"370":0,"371":0,"372":0,"375":12,"376":0,"377":0,"378":0,"379":0,"380":0,"381":0,"383":0,"384":0,"386":12,"387":12,"389":12,"391":1},"branchMap":{"0":{"type":"branch","line":5,"loc":{"start":{"line":5,"column":19},"end":{"line":390,"column":2}},"locations":[{"start":{"line":5,"column":19},"end":{"line":390,"column":2}}]},"1":{"type":"branch","line":237,"loc":{"start":{"line":237,"column":34},"end":{"line":237,"column":62}},"locations":[{"start":{"line":237,"column":34},"end":{"line":237,"column":62}}]},"2":{"type":"branch","line":237,"loc":{"start":{"line":237,"column":57},"end":{"line":237,"column":70}},"locations":[{"start":{"line":237,"column":57},"end":{"line":237,"column":70}}]},"3":{"type":"branch","line":243,"loc":{"start":{"line":243,"column":9},"end":{"line":246,"column":14}},"locations":[{"start":{"line":243,"column":9},"end":{"line":246,"column":14}}]},"4":{"type":"branch","line":249,"loc":{"start":{"line":249,"column":10},"end":{"line":249,"column":36}},"locations":[{"start":{"line":249,"column":10},"end":{"line":249,"column":36}}]},"5":{"type":"branch","line":249,"loc":{"start":{"line":249,"column":21},"end":{"line":252,"column":14}},"locations":[{"start":{"line":249,"column":21},"end":{"line":252,"column":14}}]},"6":{"type":"branch","line":258,"loc":{"start":{"line":258,"column":38},"end":{"line":258,"column":51}},"locations":[{"start":{"line":258,"column":38},"end":{"line":258,"column":51}}]},"7":{"type":"branch","line":258,"loc":{"start":{"line":258,"column":44},"end":{"line":259,"column":29}},"locations":[{"start":{"line":258,"column":44},"end":{"line":259,"column":29}}]},"8":{"type":"branch","line":259,"loc":{"start":{"line":259,"column":16},"end":{"line":260,"column":27}},"locations":[{"start":{"line":259,"column":16},"end":{"line":260,"column":27}}]},"9":{"type":"branch","line":339,"loc":{"start":{"line":339,"column":22},"end":{"line":339,"column":52}},"locations":[{"start":{"line":339,"column":22},"end":{"line":339,"column":52}}]},"10":{"type":"branch","line":345,"loc":{"start":{"line":345,"column":24},"end":{"line":373,"column":16}},"locations":[{"start":{"line":345,"column":24},"end":{"line":373,"column":16}}]},"11":{"type":"branch","line":376,"loc":{"start":{"line":376,"column":24},"end":{"line":376,"column":39}},"locations":[{"start":{"line":376,"column":24},"end":{"line":376,"column":39}}]},"12":{"type":"branch","line":376,"loc":{"start":{"line":376,"column":29},"end":{"line":385,"column":16}},"locations":[{"start":{"line":376,"column":29},"end":{"line":385,"column":16}}]},"13":{"type":"branch","line":18,"loc":{"start":{"line":18,"column":32},"end":{"line":131,"column":4}},"locations":[{"start":{"line":18,"column":32},"end":{"line":131,"column":4}}]},"14":{"type":"branch","line":19,"loc":{"start":{"line":19,"column":32},"end":{"line":19,"column":39}},"locations":[{"start":{"line":19,"column":32},"end":{"line":19,"column":39}}]},"15":{"type":"branch","line":34,"loc":{"start":{"line":34,"column":8},"end":{"line":34,"column":73}},"locations":[{"start":{"line":34,"column":8},"end":{"line":34,"column":73}}]},"16":{"type":"branch","line":124,"loc":{"start":{"line":124,"column":4},"end":{"line":128,"column":5}},"locations":[{"start":{"line":124,"column":4},"end":{"line":128,"column":5}}]},"17":{"type":"branch","line":38,"loc":{"start":{"line":38,"column":31},"end":{"line":52,"column":7}},"locations":[{"start":{"line":38,"column":31},"end":{"line":52,"column":7}}]},"18":{"type":"branch","line":39,"loc":{"start":{"line":39,"column":65},"end":{"line":39,"column":76}},"locations":[{"start":{"line":39,"column":65},"end":{"line":39,"column":76}}]},"19":{"type":"branch","line":40,"loc":{"start":{"line":40,"column":28},"end":{"line":41,"column":48}},"locations":[{"start":{"line":40,"column":28},"end":{"line":41,"column":48}}]},"20":{"type":"branch","line":41,"loc":{"start":{"line":41,"column":47},"end":{"line":42,"column":19}},"locations":[{"start":{"line":41,"column":47},"end":{"line":42,"column":19}}]},"21":{"type":"branch","line":49,"loc":{"start":{"line":49,"column":19},"end":{"line":49,"column":32}},"locations":[{"start":{"line":49,"column":19},"end":{"line":49,"column":32}}]},"22":{"type":"branch","line":50,"loc":{"start":{"line":50,"column":21},"end":{"line":50,"column":36}},"locations":[{"start":{"line":50,"column":21},"end":{"line":50,"column":36}}]},"23":{"type":"branch","line":54,"loc":{"start":{"line":54,"column":23},"end":{"line":55,"column":59}},"locations":[{"start":{"line":54,"column":23},"end":{"line":55,"column":59}}]},"24":{"type":"branch","line":57,"loc":{"start":{"line":57,"column":45},"end":{"line":57,"column":72}},"locations":[{"start":{"line":57,"column":45},"end":{"line":57,"column":72}}]},"25":{"type":"branch","line":58,"loc":{"start":{"line":58,"column":44},"end":{"line":58,"column":72}},"locations":[{"start":{"line":58,"column":44},"end":{"line":58,"column":72}}]},"26":{"type":"branch","line":70,"loc":{"start":{"line":70,"column":49},"end":{"line":70,"column":61}},"locations":[{"start":{"line":70,"column":49},"end":{"line":70,"column":61}}]},"27":{"type":"branch","line":75,"loc":{"start":{"line":75,"column":14},"end":{"line":75,"column":37}},"locations":[{"start":{"line":75,"column":14},"end":{"line":75,"column":37}}]},"28":{"type":"branch","line":76,"loc":{"start":{"line":76,"column":16},"end":{"line":88,"column":9}},"locations":[{"start":{"line":76,"column":16},"end":{"line":88,"column":9}}]},"29":{"type":"branch","line":77,"loc":{"start":{"line":77,"column":36},"end":{"line":86,"column":11}},"locations":[{"start":{"line":77,"column":36},"end":{"line":86,"column":11}}]},"30":{"type":"branch","line":86,"loc":{"start":{"line":86,"column":10},"end":{"line":87,"column":23}},"locations":[{"start":{"line":86,"column":10},"end":{"line":87,"column":23}}]},"31":{"type":"branch","line":89,"loc":{"start":{"line":89,"column":13},"end":{"line":107,"column":9}},"locations":[{"start":{"line":89,"column":13},"end":{"line":107,"column":9}}]},"32":{"type":"branch","line":90,"loc":{"start":{"line":90,"column":58},"end":{"line":90,"column":66}},"locations":[{"start":{"line":90,"column":58},"end":{"line":90,"column":66}}]},"33":{"type":"branch","line":92,"loc":{"start":{"line":92,"column":69},"end":{"line":92,"column":78}},"locations":[{"start":{"line":92,"column":69},"end":{"line":92,"column":78}}]},"34":{"type":"branch","line":95,"loc":{"start":{"line":95,"column":15},"end":{"line":95,"column":40}},"locations":[{"start":{"line":95,"column":15},"end":{"line":95,"column":40}}]},"35":{"type":"branch","line":95,"loc":{"start":{"line":95,"column":40},"end":{"line":98,"column":11}},"locations":[{"start":{"line":95,"column":40},"end":{"line":98,"column":11}}]},"36":{"type":"branch","line":104,"loc":{"start":{"line":104,"column":27},"end":{"line":104,"column":50}},"locations":[{"start":{"line":104,"column":27},"end":{"line":104,"column":50}}]},"37":{"type":"branch","line":104,"loc":{"start":{"line":104,"column":46},"end":{"line":104,"column":55}},"locations":[{"start":{"line":104,"column":46},"end":{"line":104,"column":55}}]},"38":{"type":"branch","line":112,"loc":{"start":{"line":112,"column":31},"end":{"line":112,"column":57}},"locations":[{"start":{"line":112,"column":31},"end":{"line":112,"column":57}}]},"39":{"type":"branch","line":222,"loc":{"start":{"line":222,"column":22},"end":{"line":222,"column":54}},"locations":[{"start":{"line":222,"column":22},"end":{"line":222,"column":54}}]},"40":{"type":"branch","line":229,"loc":{"start":{"line":229,"column":22},"end":{"line":229,"column":60}},"locations":[{"start":{"line":229,"column":22},"end":{"line":229,"column":60}}]},"41":{"type":"branch","line":263,"loc":{"start":{"line":263,"column":32},"end":{"line":301,"column":21}},"locations":[{"start":{"line":263,"column":32},"end":{"line":301,"column":21}}]},"42":{"type":"branch","line":274,"loc":{"start":{"line":274,"column":51},"end":{"line":275,"column":46}},"locations":[{"start":{"line":274,"column":51},"end":{"line":275,"column":46}}]},"43":{"type":"branch","line":275,"loc":{"start":{"line":275,"column":22},"end":{"line":276,"column":123}},"locations":[{"start":{"line":275,"column":22},"end":{"line":276,"column":123}}]},"44":{"type":"branch","line":278,"loc":{"start":{"line":278,"column":25},"end":{"line":278,"column":67}},"locations":[{"start":{"line":278,"column":25},"end":{"line":278,"column":67}}]},"45":{"type":"branch","line":278,"loc":{"start":{"line":278,"column":41},"end":{"line":278,"column":69}},"locations":[{"start":{"line":278,"column":41},"end":{"line":278,"column":69}}]},"46":{"type":"branch","line":279,"loc":{"start":{"line":279,"column":25},"end":{"line":279,"column":59}},"locations":[{"start":{"line":279,"column":25},"end":{"line":279,"column":59}}]},"47":{"type":"branch","line":279,"loc":{"start":{"line":279,"column":35},"end":{"line":279,"column":61}},"locations":[{"start":{"line":279,"column":35},"end":{"line":279,"column":61}}]},"48":{"type":"branch","line":283,"loc":{"start":{"line":283,"column":22},"end":{"line":283,"column":58}},"locations":[{"start":{"line":283,"column":22},"end":{"line":283,"column":58}}]},"49":{"type":"branch","line":283,"loc":{"start":{"line":283,"column":52},"end":{"line":286,"column":22}},"locations":[{"start":{"line":283,"column":52},"end":{"line":286,"column":22}}]},"50":{"type":"branch","line":291,"loc":{"start":{"line":291,"column":22},"end":{"line":294,"column":22}},"locations":[{"start":{"line":291,"column":22},"end":{"line":294,"column":22}}]},"51":{"type":"branch","line":296,"loc":{"start":{"line":296,"column":22},"end":{"line":299,"column":22}},"locations":[{"start":{"line":296,"column":22},"end":{"line":299,"column":22}}]}},"b":{"0":[12],"1":[8],"2":[6],"3":[2],"4":[10],"5":[2],"6":[2],"7":[2],"8":[10],"9":[10],"10":[0],"11":[0],"12":[0],"13":[2],"14":[0],"15":[0],"16":[0],"17":[4],"18":[0],"19":[2],"20":[2],"21":[2],"22":[2],"23":[8],"24":[4],"25":[4],"26":[4],"27":[2],"28":[4],"29":[2],"30":[0],"31":[4],"32":[0],"33":[0],"34":[2],"35":[2],"36":[2],"37":[2],"38":[2],"39":[2],"40":[2],"41":[4],"42":[2],"43":[2],"44":[2],"45":[2],"46":[2],"47":[2],"48":[2],"49":[2],"50":[2],"51":[2]},"fnMap":{"0":{"name":"Simulation","decl":{"start":{"line":5,"column":19},"end":{"line":390,"column":2}},"loc":{"start":{"line":5,"column":19},"end":{"line":390,"column":2}},"line":5},"1":{"name":"fetchTransportOptions","decl":{"start":{"line":18,"column":32},"end":{"line":131,"column":4}},"loc":{"start":{"line":18,"column":32},"end":{"line":131,"column":4}},"line":18},"2":{"name":"isPublic","decl":{"start":{"line":54,"column":23},"end":{"line":55,"column":59}},"loc":{"start":{"line":54,"column":23},"end":{"line":55,"column":59}},"line":54},"3":{"name":"handleSelectTransport","decl":{"start":{"line":133,"column":32},"end":{"line":135,"column":4}},"loc":{"start":{"line":133,"column":32},"end":{"line":135,"column":4}},"line":133},"4":{"name":"addTrip","decl":{"start":{"line":137,"column":18},"end":{"line":156,"column":4}},"loc":{"start":{"line":137,"column":18},"end":{"line":156,"column":4}},"line":137},"5":{"name":"handleSaveSimulations","decl":{"start":{"line":158,"column":32},"end":{"line":207,"column":4}},"loc":{"start":{"line":158,"column":32},"end":{"line":207,"column":4}},"line":158},"6":{"name":"onChange","decl":{"start":{"line":222,"column":22},"end":{"line":222,"column":54}},"loc":{"start":{"line":222,"column":22},"end":{"line":222,"column":54}},"line":222},"7":{"name":"onChange","decl":{"start":{"line":229,"column":22},"end":{"line":229,"column":60}},"loc":{"start":{"line":229,"column":22},"end":{"line":229,"column":60}},"line":229},"8":{"name":"onClick","decl":{"start":{"line":266,"column":23},"end":{"line":269,"column":17}},"loc":{"start":{"line":266,"column":23},"end":{"line":269,"column":17}},"line":266},"9":{"name":"onChange","decl":{"start":{"line":313,"column":22},"end":{"line":313,"column":58}},"loc":{"start":{"line":313,"column":22},"end":{"line":313,"column":58}},"line":313},"10":{"name":"onChange","decl":{"start":{"line":329,"column":22},"end":{"line":329,"column":65}},"loc":{"start":{"line":329,"column":22},"end":{"line":329,"column":65}},"line":329}},"f":{"0":12,"1":2,"2":8,"3":0,"4":0,"5":0,"6":2,"7":2,"8":0,"9":0,"10":0}}
}
