TN:
SF:src\App.tsx
FN:15,App
FNF:1
FNH:1
FNDA:7,App
DA:1,1
DA:2,1
DA:3,1
DA:4,1
DA:5,1
DA:6,1
DA:7,1
DA:8,1
DA:9,1
DA:10,1
DA:11,1
DA:13,1
DA:15,7
DA:16,7
DA:17,7
DA:18,7
DA:19,7
DA:20,7
DA:21,7
DA:22,7
DA:23,7
DA:24,7
DA:25,7
DA:26,7
DA:27,7
DA:28,7
DA:29,7
DA:30,7
DA:31,7
DA:32,7
DA:33,7
DA:34,7
DA:35,7
DA:37,7
DA:39,1
LF:35
LH:35
BRDA:15,0,0,7
BRF:1
BRH:1
end_of_record
TN:
SF:src\config.tsx
FNF:0
FNH:0
DA:1,1
LF:1
LH:1
BRF:0
BRH:0
end_of_record
TN:
SF:src\components\ComparisonChart.jsx
FN:24,ComparisonChart
FN:39,getValue
FN:97,formatter
FNF:3
FNH:2
FNDA:2,ComparisonChart
FNDA:24,getValue
FNDA:0,formatter
DA:1,1
DA:2,1
DA:3,1
DA:12,1
DA:14,1
DA:15,1
DA:16,1
DA:17,1
DA:18,1
DA:19,1
DA:20,1
DA:21,1
DA:22,1
DA:24,1
DA:25,2
DA:27,2
DA:28,2
DA:29,2
DA:30,2
DA:32,2
DA:33,2
DA:34,2
DA:35,2
DA:36,2
DA:37,2
DA:39,2
DA:40,24
DA:42,2
DA:43,2
DA:44,2
DA:45,2
DA:46,6
DA:47,2
DA:49,2
DA:51,2
DA:52,6
DA:53,6
DA:54,6
DA:55,6
DA:56,6
DA:57,6
DA:58,6
DA:60,6
DA:62,6
DA:63,6
DA:64,6
DA:65,6
DA:66,6
DA:67,6
DA:68,6
DA:69,2
DA:71,2
DA:72,2
DA:73,2
DA:74,2
DA:76,2
DA:77,2
DA:78,2
DA:79,2
DA:80,2
DA:81,2
DA:82,2
DA:83,2
DA:84,2
DA:85,2
DA:86,2
DA:87,2
DA:89,2
DA:90,2
DA:91,2
DA:92,2
DA:93,2
DA:94,2
DA:95,2
DA:96,2
DA:97,2
DA:98,2
DA:99,2
DA:100,2
DA:101,2
DA:102,2
DA:103,2
DA:104,2
DA:105,2
DA:106,2
DA:107,2
DA:108,2
DA:109,2
DA:110,2
DA:111,2
DA:113,2
DA:114,2
DA:115,2
DA:117,2
DA:118,2
DA:119,2
DA:120,2
DA:121,2
DA:123,2
DA:125,1
LF:100
LH:100
BRDA:24,0,0,2
BRDA:104,1,0,0
BRDA:108,2,0,0
BRDA:27,3,0,2
BRDA:29,4,0,0
BRDA:39,5,0,24
BRDA:40,6,0,0
BRDA:42,7,0,6
BRDA:43,8,0,6
BRDA:44,9,0,6
BRDA:45,10,0,6
BRDA:49,11,0,6
BRDA:51,12,0,6
BRF:13
BRH:9
end_of_record
TN:
SF:src\components\ComparisonTable.jsx
FN:3,ComparisonTable
FNF:1
FNH:1
FNDA:2,ComparisonTable
DA:1,1
DA:3,1
DA:4,2
DA:5,2
DA:6,2
DA:7,2
DA:8,2
DA:9,2
DA:10,2
DA:11,2
DA:12,2
DA:13,2
DA:14,2
DA:15,2
DA:16,2
DA:17,2
DA:18,6
DA:19,6
DA:20,6
DA:22,6
DA:23,6
DA:24,6
DA:25,6
DA:26,0
DA:27,6
DA:28,6
DA:29,6
DA:30,6
DA:31,0
DA:32,6
DA:33,6
DA:34,6
DA:35,6
DA:36,0
DA:37,6
DA:38,6
DA:39,6
DA:40,6
DA:41,0
DA:42,6
DA:43,6
DA:44,2
DA:45,2
DA:46,2
DA:47,2
DA:49,2
DA:51,1
LF:47
LH:43
BRDA:3,0,0,2
BRDA:17,1,0,6
BRDA:25,2,0,0
BRDA:30,3,0,0
BRDA:35,4,0,0
BRDA:40,5,0,0
BRDA:40,6,0,0
BRF:7
BRH:2
end_of_record
TN:
SF:src\components\Footer.jsx
FN:4,Footer
FNF:1
FNH:1
FNDA:12,Footer
DA:1,1
DA:2,1
DA:4,1
DA:5,12
DA:6,12
DA:7,12
DA:9,12
DA:10,12
DA:11,12
DA:13,12
DA:14,12
DA:17,12
DA:18,12
DA:19,12
DA:20,12
DA:21,12
DA:22,12
DA:23,12
DA:24,12
DA:25,12
DA:28,12
DA:29,12
DA:30,12
DA:31,12
DA:32,12
DA:33,12
DA:34,12
DA:35,12
DA:36,12
DA:37,12
DA:38,12
DA:39,12
DA:41,12
DA:43,1
LF:34
LH:34
BRDA:4,0,0,12
BRF:1
BRH:1
end_of_record
TN:
SF:src\components\Navbar.jsx
FN:7,Navbar
FN:16,updateUserFromStorage
FN:34,handleScroll
FN:45,handleLogout
FN:55,toggleTheme
FN:62,toggleMenu
FN:63,isActive
FN:175,onClick
FNF:8
FNH:6
FNDA:16,Navbar
FNDA:12,updateUserFromStorage
FNDA:0,handleScroll
FNDA:1,handleLogout
FNDA:0,toggleTheme
FNDA:2,toggleMenu
FNDA:56,isActive
FNDA:1,onClick
DA:1,1
DA:2,1
DA:3,1
DA:4,1
DA:5,1
DA:7,1
DA:8,16
DA:9,16
DA:10,16
DA:11,16
DA:12,16
DA:13,16
DA:14,16
DA:16,16
DA:17,12
DA:18,12
DA:19,3
DA:20,3
DA:21,12
DA:22,9
DA:23,9
DA:24,9
DA:25,12
DA:27,16
DA:28,11
DA:29,11
DA:30,11
DA:31,16
DA:33,16
DA:34,11
DA:35,11
DA:36,11
DA:37,16
DA:39,16
DA:40,11
DA:41,11
DA:42,11
DA:43,16
DA:45,16
DA:46,1
DA:47,1
DA:48,1
DA:49,1
DA:50,1
DA:51,1
DA:52,1
DA:53,1
DA:55,16
DA:56,0
DA:57,0
DA:58,0
DA:59,0
DA:60,0
DA:62,16
DA:63,16
DA:65,16
DA:66,16
DA:67,16
DA:69,16
DA:70,16
DA:71,16
DA:72,16
DA:75,16
DA:76,16
DA:77,16
DA:78,16
DA:79,16
DA:82,16
DA:83,16
DA:84,48
DA:85,48
DA:86,48
DA:87,48
DA:88,48
DA:89,2
DA:90,46
DA:91,48
DA:93,48
DA:94,48
DA:95,16
DA:97,16
DA:98,4
DA:99,4
DA:100,4
DA:101,4
DA:102,0
DA:103,4
DA:104,4
DA:105,4
DA:107,4
DA:110,16
DA:111,1
DA:112,1
DA:113,1
DA:114,1
DA:115,0
DA:116,1
DA:117,1
DA:118,1
DA:120,1
DA:124,16
DA:125,16
DA:126,16
DA:129,16
DA:130,4
DA:132,12
DA:133,12
DA:134,12
DA:135,12
DA:137,16
DA:138,16
DA:141,16
DA:142,1
DA:143,1
DA:144,1
DA:145,1
DA:147,1
DA:148,3
DA:149,3
DA:150,3
DA:151,3
DA:152,3
DA:153,3
DA:154,3
DA:156,3
DA:157,3
DA:158,1
DA:159,1
DA:160,1
DA:162,1
DA:163,1
DA:164,1
DA:166,1
DA:167,1
DA:168,1
DA:169,1
DA:170,1
DA:171,1
DA:173,1
DA:174,1
DA:175,1
DA:176,1
DA:177,1
DA:178,1
DA:179,1
DA:180,1
DA:182,1
DA:183,1
DA:185,0
DA:186,0
DA:187,0
DA:188,0
DA:190,1
DA:192,16
DA:194,16
DA:196,1
LF:156
LH:145
BRDA:7,0,0,16
BRDA:67,1,0,0
BRDA:77,2,0,1
BRDA:77,3,0,15
BRDA:97,4,0,4
BRDA:101,5,0,0
BRDA:110,6,0,1
BRDA:114,7,0,0
BRDA:125,8,0,0
BRDA:129,9,0,4
BRDA:130,10,0,12
BRDA:141,11,0,1
BRDA:160,12,0,0
BRDA:163,13,0,0
BRDA:183,14,0,0
BRDA:16,15,0,12
BRDA:18,16,0,3
BRDA:21,17,0,9
BRDA:27,18,0,11
BRDA:30,19,0,11
BRDA:33,20,0,11
BRDA:36,21,0,11
BRDA:39,22,0,11
BRDA:45,23,0,1
BRDA:62,24,0,2
BRDA:63,25,0,56
BRDA:83,26,0,48
BRDA:88,27,0,2
BRDA:89,28,0,46
BRDA:147,29,0,3
BRDA:153,30,0,0
BRDA:175,31,0,1
BRF:32
BRH:24
end_of_record
TN:
SF:src\components\SimulationChart.jsx
FN:24,SimulationChart
FN:35,getEmissionsData
FN:60,generateColor
FN:86,backgroundColor
FN:127,label
FN:140,callback
FN:164,onChange
FNF:7
FNH:3
FNDA:2,SimulationChart
FNDA:4,getEmissionsData
FNDA:1,generateColor
FNDA:0,backgroundColor
FNDA:0,label
FNDA:0,callback
FNDA:0,onChange
DA:1,1
DA:2,1
DA:3,1
DA:14,1
DA:15,1
DA:16,1
DA:17,1
DA:18,1
DA:19,1
DA:20,1
DA:21,1
DA:22,1
DA:24,1
DA:25,2
DA:27,2
DA:28,1
DA:29,1
DA:31,1
DA:33,1
DA:35,1
DA:36,4
DA:37,4
DA:38,4
DA:39,4
DA:40,4
DA:41,4
DA:42,0
DA:43,0
DA:44,4
DA:45,0
DA:46,0
DA:47,4
DA:48,0
DA:49,4
DA:51,4
DA:52,4
DA:53,4
DA:54,12
DA:55,12
DA:56,12
DA:57,4
DA:58,4
DA:60,1
DA:61,1
DA:62,1
DA:63,1
DA:65,1
DA:67,1
DA:68,3
DA:69,3
DA:70,3
DA:71,1
DA:73,1
DA:74,1
DA:75,1
DA:76,1
DA:77,1
DA:78,1
DA:79,1
DA:80,1
DA:82,1
DA:83,1
DA:84,1
DA:85,1
DA:86,1
DA:87,0
DA:88,0
DA:89,0
DA:90,0
DA:91,0
DA:92,1
DA:93,1
DA:94,1
DA:95,1
DA:96,1
DA:97,1
DA:98,1
DA:99,1
DA:100,1
DA:101,1
DA:102,1
DA:103,1
DA:104,1
DA:105,1
DA:106,1
DA:107,1
DA:108,1
DA:109,1
DA:110,1
DA:111,1
DA:112,1
DA:114,1
DA:115,1
DA:116,1
DA:117,1
DA:118,1
DA:119,1
DA:120,1
DA:121,1
DA:122,1
DA:123,1
DA:124,1
DA:125,1
DA:126,1
DA:127,1
DA:128,0
DA:129,0
DA:130,1
DA:131,1
DA:132,1
DA:133,1
DA:134,1
DA:135,1
DA:136,1
DA:137,1
DA:138,1
DA:139,1
DA:140,1
DA:141,1
DA:142,1
DA:143,1
DA:144,1
DA:145,1
DA:146,1
DA:147,1
DA:148,1
DA:149,1
DA:150,1
DA:152,1
DA:153,1
DA:154,1
DA:156,1
DA:158,1
DA:159,1
DA:160,1
DA:161,1
DA:162,1
DA:163,1
DA:164,1
DA:165,0
DA:166,0
DA:167,0
DA:168,0
DA:169,1
DA:170,1
DA:171,1
DA:172,1
DA:173,1
DA:175,1
DA:176,1
DA:177,1
DA:178,1
DA:180,1
DA:182,1
LF:154
LH:138
BRDA:24,0,0,2
BRDA:27,1,0,1
BRDA:25,2,0,1
BRDA:35,3,0,4
BRDA:41,4,0,0
BRDA:44,5,0,0
BRDA:47,6,0,0
BRDA:53,7,0,12
BRDA:60,8,0,1
BRDA:65,9,0,1
BRDA:67,10,0,3
BRDA:68,11,0,3
BRDA:69,12,0,3
BRDA:74,13,0,3
BRDA:76,14,0,1
BRDA:77,15,0,0
BRDA:92,16,0,0
BRDA:93,17,0,0
BRDA:159,18,0,1
BRF:19
BRH:13
end_of_record
TN:
SF:src\components\TransportList.jsx
FN:10,TransportList
FNF:1
FNH:1
FNDA:1,TransportList
DA:1,1
DA:3,1
DA:4,1
DA:5,1
DA:6,1
DA:7,1
DA:8,1
DA:10,1
DA:11,1
DA:12,1
DA:13,1
DA:14,1
DA:15,1
DA:16,1
DA:17,1
DA:18,1
DA:19,1
DA:20,1
DA:21,1
DA:22,1
DA:23,1
DA:24,4
DA:25,4
DA:26,4
DA:27,4
DA:28,2
DA:29,2
DA:30,4
DA:32,4
DA:33,4
DA:34,4
DA:35,4
DA:36,4
DA:37,4
DA:38,4
DA:39,1
DA:40,1
DA:41,1
DA:42,1
DA:44,1
DA:46,1
LF:41
LH:41
BRDA:10,0,0,1
BRDA:23,1,0,4
BRDA:27,2,0,2
BRDA:28,3,0,2
BRF:4
BRH:4
end_of_record
TN:
SF:src\components\TransportManager.jsx
FN:7,TransportManager
FN:20,fetchTransports
FN:39,handleChange
FN:43,handleEditChange
FN:47,addTransport
FN:63,updateTransport
FN:79,deleteTransport
FN:90,requestSort
FN:125,onClick
FN:129,onClick
FN:130,onClick
FNF:11
FNH:9
FNDA:20,TransportManager
FNDA:7,fetchTransports
FNDA:2,handleChange
FNDA:2,handleEditChange
FNDA:1,addTransport
FNDA:1,updateTransport
FNDA:1,deleteTransport
FNDA:0,requestSort
FNDA:0,onClick
FNDA:1,onClick
FNDA:1,onClick
DA:2,1
DA:3,1
DA:5,1
DA:7,1
DA:8,20
DA:9,20
DA:10,20
DA:11,20
DA:12,20
DA:13,20
DA:14,20
DA:16,20
DA:17,5
DA:18,20
DA:20,20
DA:21,7
DA:22,7
DA:23,7
DA:24,7
DA:25,7
DA:26,7
DA:27,7
DA:28,4
DA:29,4
DA:30,4
DA:31,7
DA:32,7
DA:33,1
DA:34,7
DA:35,7
DA:36,7
DA:37,7
DA:39,20
DA:40,2
DA:41,2
DA:43,20
DA:44,2
DA:45,2
DA:47,20
DA:48,1
DA:49,1
DA:51,1
DA:52,1
DA:53,1
DA:54,1
DA:55,1
DA:56,1
DA:57,1
DA:58,1
DA:59,0
DA:60,0
DA:61,1
DA:63,20
DA:64,1
DA:65,1
DA:67,1
DA:68,1
DA:69,1
DA:70,1
DA:71,1
DA:72,1
DA:73,1
DA:74,1
DA:75,0
DA:76,0
DA:77,1
DA:79,20
DA:80,1
DA:81,1
DA:82,1
DA:83,1
DA:84,1
DA:85,1
DA:86,0
DA:87,0
DA:88,1
DA:90,20
DA:91,0
DA:92,0
DA:93,0
DA:94,0
DA:96,20
DA:97,1
DA:98,1
DA:99,1
DA:100,1
DA:101,20
DA:103,20
DA:104,20
DA:105,20
DA:106,20
DA:107,20
DA:108,20
DA:109,20
DA:110,20
DA:111,20
DA:112,20
DA:113,20
DA:114,20
DA:115,20
DA:116,20
DA:117,20
DA:118,8
DA:119,8
DA:120,8
DA:121,8
DA:122,8
DA:123,3
DA:124,3
DA:125,3
DA:126,3
DA:128,5
DA:129,5
DA:130,5
DA:131,5
DA:133,8
DA:134,8
DA:135,20
DA:136,20
DA:137,20
DA:138,20
DA:139,20
DA:140,20
DA:141,20
DA:142,20
DA:143,20
DA:144,20
DA:146,20
DA:148,1
LF:129
LH:119
BRDA:7,0,0,20
BRDA:106,1,0,1
BRDA:16,2,0,5
BRDA:17,3,0,4
BRDA:20,4,0,7
BRDA:32,5,0,1
BRDA:33,6,0,0
BRDA:27,7,0,4
BRDA:39,8,0,2
BRDA:43,9,0,2
BRDA:47,10,0,1
BRDA:49,11,0,0
BRDA:58,12,0,0
BRDA:63,13,0,1
BRDA:65,14,0,0
BRDA:74,15,0,0
BRDA:79,16,0,1
BRDA:85,17,0,0
BRDA:96,18,0,1
BRDA:97,19,0,0
BRDA:98,20,0,0
BRDA:99,21,0,0
BRDA:99,22,0,0
BRDA:100,23,0,0
BRDA:100,24,0,0
BRDA:117,25,0,8
BRDA:119,26,0,3
BRDA:119,27,0,3
BRDA:119,28,0,5
BRDA:120,29,0,3
BRDA:120,30,0,3
BRDA:120,31,0,5
BRDA:122,32,0,3
BRDA:122,33,0,3
BRDA:126,34,0,5
BRDA:129,35,0,1
BRDA:130,36,0,1
BRF:37
BRH:25
end_of_record
TN:
SF:src\components\TransportTable.jsx
FN:3,TransportTable
FNF:1
FNH:1
FNDA:1,TransportTable
DA:1,1
DA:3,1
DA:4,1
DA:5,1
DA:6,1
DA:7,1
DA:8,1
DA:9,1
DA:10,1
DA:11,1
DA:12,1
DA:13,1
DA:14,1
DA:15,1
DA:16,1
DA:17,2
DA:18,2
DA:19,2
DA:20,2
DA:21,2
DA:22,2
DA:23,1
DA:24,1
DA:25,1
DA:26,1
DA:28,1
DA:30,1
LF:27
LH:27
BRDA:3,0,0,1
BRDA:16,1,0,2
BRF:2
BRH:2
end_of_record
TN:
SF:src\components\UserDropdown.jsx
FN:5,UserDropdown
FN:9,handleEnter
FN:14,handleLeave
FNF:3
FNH:1
FNDA:4,UserDropdown
FNDA:0,handleEnter
FNDA:0,handleLeave
DA:1,1
DA:2,1
DA:3,1
DA:5,1
DA:6,4
DA:7,4
DA:9,4
DA:10,0
DA:11,0
DA:12,0
DA:14,4
DA:15,0
DA:16,0
DA:18,4
DA:19,4
DA:20,4
DA:21,4
DA:22,4
DA:24,4
DA:25,4
DA:26,4
DA:27,4
DA:28,4
DA:29,4
DA:31,4
DA:32,4
DA:33,0
DA:34,0
DA:35,0
DA:36,0
DA:37,0
DA:38,0
DA:40,0
DA:41,0
DA:42,0
DA:43,0
DA:45,0
DA:46,0
DA:47,0
DA:48,0
DA:49,0
DA:51,0
DA:52,0
DA:54,4
DA:55,4
DA:57,4
DA:59,1
LF:47
LH:25
BRDA:5,0,0,4
BRDA:26,1,0,0
BRDA:32,2,0,0
BRF:3
BRH:1
end_of_record
TN:
SF:src\components\UserManager.jsx
FN:6,UserManager
FN:18,fetchUsers
FN:39,handleEditChange
FN:43,updateUser
FN:68,deleteUser
FN:81,startEditing
FN:85,cancelEditing
FN:89,requestSort
FN:97,getSortedUsers
FN:107,getSortIndicator
FN:133,onClick
FN:204,onClick
FN:210,onClick
FNF:13
FNH:6
FNDA:12,UserManager
FNDA:4,fetchUsers
FNDA:0,handleEditChange
FNDA:0,updateUser
FNDA:1,deleteUser
FNDA:0,startEditing
FNDA:0,cancelEditing
FNDA:0,requestSort
FNDA:12,getSortedUsers
FNDA:36,getSortIndicator
FNDA:0,onClick
FNDA:0,onClick
FNDA:1,onClick
DA:1,1
DA:2,1
DA:4,1
DA:6,1
DA:7,12
DA:8,12
DA:9,12
DA:10,12
DA:11,12
DA:12,12
DA:14,12
DA:15,4
DA:16,12
DA:18,12
DA:19,4
DA:20,4
DA:21,4
DA:22,4
DA:23,4
DA:24,4
DA:25,3
DA:26,3
DA:27,3
DA:28,3
DA:29,3
DA:30,3
DA:31,4
DA:32,2
DA:33,2
DA:34,4
DA:35,4
DA:36,4
DA:37,4
DA:39,12
DA:40,0
DA:41,0
DA:43,12
DA:44,0
DA:45,0
DA:46,0
DA:47,0
DA:49,0
DA:50,0
DA:51,0
DA:52,0
DA:53,0
DA:54,0
DA:56,0
DA:57,0
DA:58,0
DA:59,0
DA:60,0
DA:61,0
DA:62,0
DA:63,0
DA:64,0
DA:65,0
DA:66,0
DA:68,12
DA:69,1
DA:70,1
DA:71,1
DA:72,1
DA:73,1
DA:74,1
DA:75,1
DA:76,0
DA:77,0
DA:78,0
DA:79,1
DA:81,12
DA:82,0
DA:83,0
DA:85,12
DA:86,0
DA:87,0
DA:89,12
DA:90,0
DA:91,0
DA:92,0
DA:93,0
DA:94,0
DA:95,0
DA:97,12
DA:98,12
DA:100,0
DA:101,0
DA:102,0
DA:103,0
DA:104,0
DA:105,12
DA:107,12
DA:108,36
DA:109,36
DA:110,36
DA:112,12
DA:114,12
DA:115,12
DA:116,12
DA:117,12
DA:119,12
DA:121,12
DA:122,12
DA:124,12
DA:125,12
DA:126,12
DA:127,12
DA:128,12
DA:129,36
DA:130,36
DA:131,36
DA:132,36
DA:133,36
DA:134,36
DA:136,36
DA:137,36
DA:138,36
DA:139,36
DA:140,12
DA:141,12
DA:142,12
DA:143,12
DA:144,12
DA:145,12
DA:146,4
DA:147,5
DA:148,5
DA:149,5
DA:150,0
DA:151,0
DA:152,0
DA:153,0
DA:154,0
DA:155,0
DA:156,0
DA:157,5
DA:158,5
DA:159,5
DA:160,5
DA:161,0
DA:162,0
DA:163,0
DA:164,0
DA:165,0
DA:166,0
DA:167,0
DA:168,5
DA:169,5
DA:170,5
DA:171,5
DA:172,0
DA:173,0
DA:174,0
DA:175,0
DA:176,0
DA:178,0
DA:179,0
DA:180,0
DA:181,0
DA:182,5
DA:183,5
DA:184,5
DA:185,5
DA:186,0
DA:187,0
DA:188,0
DA:189,0
DA:190,0
DA:192,0
DA:193,0
DA:194,0
DA:195,0
DA:196,0
DA:198,0
DA:199,0
DA:201,5
DA:202,5
DA:203,5
DA:204,5
DA:205,5
DA:207,5
DA:208,5
DA:209,5
DA:210,5
DA:211,5
DA:213,5
DA:214,5
DA:216,5
DA:217,5
DA:218,4
DA:220,8
DA:221,8
DA:222,8
DA:223,8
DA:224,8
DA:226,12
DA:227,12
DA:228,12
DA:229,12
DA:230,12
DA:232,12
DA:234,1
LF:202
LH:126
BRDA:6,0,0,12
BRDA:121,1,0,3
BRDA:122,2,0,2
BRDA:145,3,0,4
BRDA:218,4,0,8
BRDA:222,5,0,3
BRDA:222,6,0,5
BRDA:14,7,0,4
BRDA:15,8,0,3
BRDA:18,9,0,4
BRDA:24,10,0,3
BRDA:31,11,0,2
BRDA:33,12,0,0
BRDA:25,13,0,3
BRDA:29,14,0,0
BRDA:68,15,0,1
BRDA:75,16,0,0
BRDA:97,17,0,12
BRDA:98,18,0,0
BRDA:107,19,0,36
BRDA:108,20,0,0
BRDA:109,21,0,0
BRDA:128,22,0,36
BRDA:146,23,0,5
BRDA:149,24,0,0
BRDA:149,25,0,0
BRDA:160,26,0,0
BRDA:160,27,0,0
BRDA:171,28,0,0
BRDA:171,29,0,0
BRDA:185,30,0,0
BRDA:185,31,0,0
BRDA:210,32,0,1
BRF:33
BRH:19
end_of_record
TN:
SF:src\pages\AccountSettings.jsx
FN:3,AccountSettings
FN:25,handleSubmit
FN:71,onChange
FN:83,onChange
FNF:4
FNH:3
FNDA:12,AccountSettings
FNDA:2,handleSubmit
FNDA:2,onChange
FNDA:0,onChange
DA:1,1
DA:3,1
DA:4,12
DA:5,12
DA:6,12
DA:8,12
DA:10,12
DA:11,3
DA:12,3
DA:13,3
DA:14,3
DA:15,3
DA:16,3
DA:17,3
DA:18,3
DA:19,3
DA:20,0
DA:21,0
DA:22,3
DA:23,12
DA:25,12
DA:26,2
DA:27,2
DA:29,2
DA:30,2
DA:31,2
DA:32,2
DA:33,2
DA:34,2
DA:35,2
DA:36,2
DA:37,2
DA:38,2
DA:39,2
DA:40,2
DA:42,2
DA:44,1
DA:45,1
DA:47,1
DA:48,1
DA:49,1
DA:50,1
DA:51,1
DA:52,1
DA:53,1
DA:54,1
DA:55,1
DA:56,1
DA:57,1
DA:58,2
DA:60,12
DA:61,12
DA:62,12
DA:63,12
DA:65,12
DA:66,12
DA:67,12
DA:68,12
DA:69,12
DA:70,12
DA:71,12
DA:72,12
DA:73,12
DA:74,12
DA:75,12
DA:76,12
DA:78,12
DA:79,12
DA:80,12
DA:81,12
DA:82,12
DA:83,12
DA:84,12
DA:85,12
DA:86,12
DA:87,12
DA:89,12
DA:90,12
DA:91,12
DA:92,12
DA:94,12
DA:95,12
DA:97,12
DA:98,2
DA:99,2
DA:100,2
DA:102,12
DA:103,12
DA:105,12
DA:107,1
LF:90
LH:88
BRDA:3,0,0,12
BRDA:97,1,0,2
BRDA:10,2,0,3
BRDA:14,3,0,3
BRDA:15,4,0,0
BRDA:18,5,0,3
BRDA:25,6,0,2
BRDA:37,7,0,0
BRDA:38,8,0,0
BRDA:42,9,0,1
BRDA:71,10,0,2
BRF:11
BRH:8
end_of_record
TN:
SF:src\pages\AdminPanel.jsx
FN:5,AdminPanel
FNF:1
FNH:1
FNDA:1,AdminPanel
DA:1,1
DA:2,1
DA:3,1
DA:5,1
DA:6,1
DA:7,1
DA:8,1
DA:9,1
DA:11,1
DA:14,1
DA:17,1
DA:18,1
DA:19,1
DA:21,1
DA:23,1
LF:15
LH:15
BRDA:5,0,0,1
BRF:1
BRH:1
end_of_record
TN:
SF:src\pages\Compare.jsx
FN:6,Compare
FN:26,fetchTransportData
FN:53,formatDistanceLabel
FN:145,onChange
FN:152,onChange
FNF:5
FNH:3
FNDA:15,Compare
FNDA:7,fetchTransportData
FNDA:5,formatDistanceLabel
FNDA:0,onChange
FNDA:0,onChange
DA:1,1
DA:2,1
DA:3,1
DA:4,1
DA:6,1
DA:7,15
DA:8,15
DA:9,15
DA:10,15
DA:11,15
DA:12,15
DA:13,15
DA:14,15
DA:16,15
DA:17,5
DA:18,15
DA:20,15
DA:21,5
DA:22,4
DA:23,4
DA:24,15
DA:26,15
DA:27,7
DA:28,0
DA:29,0
DA:30,0
DA:32,7
DA:33,7
DA:34,7
DA:35,7
DA:36,7
DA:37,7
DA:38,7
DA:40,7
DA:41,7
DA:43,7
DA:45,7
DA:46,5
DA:47,7
DA:48,7
DA:49,7
DA:50,15
DA:51,7
DA:53,7
DA:54,5
DA:55,5
DA:56,5
DA:57,5
DA:58,5
DA:59,10
DA:60,10
DA:61,10
DA:62,10
DA:63,5
DA:64,5
DA:65,5
DA:67,7
DA:69,7
DA:70,5
DA:71,5
DA:72,5
DA:73,5
DA:74,5
DA:75,5
DA:76,5
DA:77,5
DA:78,5
DA:79,5
DA:80,5
DA:81,5
DA:82,5
DA:83,5
DA:85,7
DA:86,5
DA:87,5
DA:88,5
DA:89,5
DA:90,5
DA:91,5
DA:92,5
DA:93,5
DA:94,5
DA:95,5
DA:96,5
DA:97,5
DA:98,5
DA:99,5
DA:101,7
DA:102,5
DA:103,5
DA:104,5
DA:105,5
DA:106,5
DA:107,5
DA:108,5
DA:109,5
DA:110,5
DA:111,5
DA:112,5
DA:113,5
DA:114,5
DA:115,5
DA:117,7
DA:118,7
DA:119,7
DA:120,2
DA:121,2
DA:122,2
DA:123,7
DA:124,7
DA:125,0
DA:126,0
DA:127,7
DA:128,7
DA:129,7
DA:130,7
DA:132,15
DA:133,15
DA:134,15
DA:135,15
DA:137,15
DA:139,15
DA:140,15
DA:141,15
DA:142,15
DA:143,15
DA:144,15
DA:145,15
DA:146,15
DA:147,15
DA:148,15
DA:149,15
DA:150,15
DA:151,15
DA:152,15
DA:153,15
DA:154,15
DA:156,15
DA:157,15
DA:158,15
DA:159,15
DA:160,15
DA:162,15
DA:163,15
DA:165,15
DA:166,7
DA:168,7
DA:171,15
DA:172,2
DA:173,2
DA:174,2
DA:177,15
DA:178,2
DA:179,2
DA:180,2
DA:181,2
DA:183,13
DA:185,13
DA:187,15
DA:188,15
DA:190,15
DA:192,1
LF:162
LH:157
BRDA:6,0,0,15
BRDA:8,1,0,14
BRDA:8,2,0,1
BRDA:10,3,0,14
BRDA:10,4,0,1
BRDA:165,5,0,7
BRDA:171,6,0,2
BRDA:177,7,0,2
BRDA:181,8,0,13
BRDA:16,9,0,5
BRDA:20,10,0,5
BRDA:21,11,0,4
BRDA:21,12,0,4
BRDA:26,13,0,7
BRDA:27,14,0,0
BRDA:41,15,0,0
BRDA:69,16,0,5
BRDA:85,17,0,5
BRDA:101,18,0,5
BRDA:119,19,0,5
BRDA:119,20,0,2
BRDA:120,21,0,0
BRDA:120,22,0,2
BRDA:121,23,0,0
BRDA:121,24,0,2
BRDA:124,25,0,0
BRDA:45,26,0,5
BRDA:48,27,0,10
BRDA:49,28,0,15
BRDA:53,29,0,5
BRDA:54,30,0,0
BRDA:57,31,0,10
BRDA:58,32,0,10
BRDA:60,33,0,0
BRF:34
BRH:27
end_of_record
TN:
SF:src\pages\Historique.jsx
FN:5,Historique
FN:22,deleteTrajet
FN:59,onClick
FNF:3
FNH:3
FNDA:7,Historique
FNDA:1,deleteTrajet
FNDA:1,onClick
DA:1,1
DA:2,1
DA:3,1
DA:5,1
DA:6,7
DA:7,7
DA:9,7
DA:10,4
DA:11,2
DA:12,2
DA:13,2
DA:14,2
DA:15,2
DA:16,2
DA:17,2
DA:18,2
DA:19,2
DA:20,7
DA:22,7
DA:23,1
DA:24,1
DA:25,1
DA:26,1
DA:27,1
DA:28,1
DA:29,1
DA:30,1
DA:32,7
DA:33,7
DA:34,2
DA:35,7
DA:37,7
DA:38,7
DA:39,2
DA:40,7
DA:42,7
DA:43,7
DA:44,7
DA:45,7
DA:47,7
DA:48,2
DA:49,2
DA:50,2
DA:51,2
DA:52,2
DA:53,2
DA:54,2
DA:55,2
DA:56,2
DA:57,2
DA:58,2
DA:59,2
DA:60,2
DA:61,2
DA:63,2
DA:64,2
DA:65,2
DA:66,2
DA:67,2
DA:68,2
DA:71,7
DA:72,0
DA:73,0
DA:74,0
DA:75,0
DA:76,0
DA:77,0
DA:78,0
DA:79,0
DA:80,0
DA:81,0
DA:82,0
DA:83,0
DA:84,0
DA:85,0
DA:87,0
DA:88,0
DA:89,0
DA:90,0
DA:91,0
DA:92,0
DA:95,7
DA:96,5
DA:98,5
DA:100,7
DA:101,7
DA:103,7
DA:105,1
LF:88
LH:68
BRDA:5,0,0,7
BRDA:47,1,0,2
BRDA:71,2,0,0
BRDA:95,3,0,5
BRDA:95,4,0,5
BRDA:9,5,0,4
BRDA:10,6,0,2
BRDA:15,7,0,2
BRDA:22,8,0,1
BRDA:23,9,0,0
BRDA:28,10,0,1
BRDA:28,11,0,1
BRDA:28,12,0,1
BRDA:33,13,0,2
BRDA:34,14,0,0
BRDA:38,15,0,2
BRDA:39,16,0,0
BRDA:51,17,0,2
BRDA:59,18,0,1
BRF:19
BRH:15
end_of_record
TN:
SF:src\pages\LogIn.jsx
FN:5,Login
FN:10,handleLogin
FN:70,onChange
FN:84,onChange
FNF:4
FNH:4
FNDA:8,Login
FNDA:2,handleLogin
FNDA:2,onChange
FNDA:2,onChange
DA:1,1
DA:2,1
DA:3,1
DA:5,1
DA:6,8
DA:7,8
DA:8,8
DA:10,8
DA:11,2
DA:13,2
DA:14,2
DA:15,2
DA:16,2
DA:17,2
DA:18,2
DA:19,2
DA:20,2
DA:22,2
DA:24,1
DA:26,1
DA:27,1
DA:29,1
DA:30,1
DA:31,1
DA:32,1
DA:33,1
DA:34,1
DA:35,1
DA:36,2
DA:38,8
DA:39,8
DA:40,8
DA:43,8
DA:44,8
DA:45,8
DA:46,8
DA:47,8
DA:48,8
DA:49,8
DA:50,8
DA:51,8
DA:52,8
DA:53,8
DA:54,8
DA:56,8
DA:58,8
DA:60,8
DA:61,8
DA:62,8
DA:64,8
DA:65,8
DA:66,8
DA:67,8
DA:68,8
DA:69,8
DA:70,8
DA:71,8
DA:72,8
DA:73,8
DA:75,8
DA:76,8
DA:78,8
DA:79,8
DA:80,8
DA:81,8
DA:82,8
DA:83,8
DA:84,8
DA:85,8
DA:86,8
DA:87,8
DA:89,8
DA:90,8
DA:91,8
DA:92,8
DA:94,8
DA:95,8
DA:96,8
DA:97,8
DA:99,8
DA:101,1
LF:81
LH:81
BRDA:5,0,0,8
BRDA:10,1,0,2
BRDA:22,2,0,1
BRDA:70,3,0,2
BRDA:84,4,0,2
BRF:5
BRH:5
end_of_record
TN:
SF:src\pages\Search.jsx
FN:4,Search
FN:15,performSearch
FN:54,saveSearch
FN:96,goToCompare
FN:100,getEmojiForMode
FN:129,onChange
FN:136,onChange
FNF:7
FNH:7
FNDA:29,Search
FNDA:6,performSearch
FNDA:1,saveSearch
FNDA:1,goToCompare
FNDA:6,getEmojiForMode
FNDA:5,onChange
FNDA:5,onChange
DA:1,1
DA:2,1
DA:4,1
DA:5,29
DA:6,29
DA:7,29
DA:8,29
DA:9,29
DA:10,29
DA:11,29
DA:13,29
DA:15,29
DA:16,6
DA:17,1
DA:18,1
DA:19,1
DA:21,5
DA:22,5
DA:23,5
DA:24,5
DA:25,5
DA:26,5
DA:27,5
DA:28,6
DA:30,4
DA:31,4
DA:32,5
DA:33,5
DA:34,5
DA:35,5
DA:36,5
DA:37,5
DA:38,5
DA:39,4
DA:41,4
DA:42,4
DA:43,4
DA:44,0
DA:45,4
DA:46,6
DA:47,1
DA:48,1
DA:49,6
DA:50,5
DA:51,5
DA:52,6
DA:54,29
DA:55,1
DA:56,0
DA:57,0
DA:58,0
DA:60,1
DA:61,1
DA:62,1
DA:63,1
DA:64,1
DA:65,1
DA:66,1
DA:67,1
DA:68,1
DA:69,1
DA:70,1
DA:71,1
DA:72,1
DA:73,1
DA:75,1
DA:76,1
DA:78,1
DA:79,1
DA:80,1
DA:81,1
DA:82,1
DA:83,1
DA:84,1
DA:85,1
DA:86,1
DA:88,1
DA:89,1
DA:90,1
DA:91,0
DA:92,0
DA:93,0
DA:94,1
DA:96,29
DA:97,1
DA:98,1
DA:100,29
DA:101,6
DA:102,6
DA:103,6
DA:104,6
DA:105,6
DA:106,6
DA:107,6
DA:108,6
DA:109,6
DA:110,1
DA:111,6
DA:113,29
DA:114,29
DA:116,29
DA:117,29
DA:118,29
DA:119,29
DA:121,29
DA:123,29
DA:124,29
DA:125,29
DA:126,29
DA:127,29
DA:128,29
DA:129,29
DA:130,29
DA:131,29
DA:132,29
DA:133,29
DA:134,29
DA:135,29
DA:136,29
DA:137,29
DA:138,29
DA:140,29
DA:141,29
DA:142,29
DA:143,29
DA:144,29
DA:146,29
DA:147,29
DA:149,29
DA:150,5
DA:152,5
DA:154,29
DA:155,19
DA:157,19
DA:158,19
DA:159,19
DA:160,19
DA:161,19
DA:164,19
DA:165,19
DA:166,19
DA:167,19
DA:168,19
DA:170,19
DA:172,19
DA:173,19
DA:176,29
DA:177,5
DA:178,5
DA:179,5
DA:181,5
DA:183,5
DA:185,5
DA:186,0
DA:187,0
DA:188,0
DA:189,0
DA:190,0
DA:191,0
DA:192,0
DA:194,0
DA:195,0
DA:198,5
DA:199,5
DA:200,5
DA:201,5
DA:202,5
DA:204,5
DA:205,5
DA:207,5
DA:208,5
DA:210,5
DA:211,5
DA:213,5
DA:214,5
DA:216,5
DA:217,5
DA:219,5
DA:220,5
DA:221,5
DA:222,5
DA:223,5
DA:224,6
DA:225,6
DA:227,6
DA:228,6
DA:229,6
DA:230,6
DA:231,6
DA:232,5
DA:233,1
DA:234,6
DA:236,6
DA:237,6
DA:238,6
DA:239,6
DA:240,6
DA:241,6
DA:242,6
DA:243,6
DA:244,6
DA:245,6
DA:246,6
DA:247,6
DA:248,6
DA:249,6
DA:250,0
DA:251,6
DA:252,6
DA:253,0
DA:254,6
DA:256,6
DA:257,6
DA:258,6
DA:259,6
DA:260,6
DA:261,6
DA:263,5
DA:264,5
DA:265,5
DA:266,5
DA:268,5
DA:269,5
DA:270,1
DA:271,1
DA:272,1
DA:273,1
DA:275,1
DA:277,5
DA:278,5
DA:279,5
DA:280,5
DA:282,5
DA:283,5
DA:284,5
DA:286,29
DA:287,29
DA:289,29
DA:291,1
LF:239
LH:221
BRDA:4,0,0,29
BRDA:149,1,0,5
BRDA:154,2,0,24
BRDA:154,3,0,19
BRDA:176,4,0,5
BRDA:185,5,0,0
BRDA:269,6,0,2
BRDA:269,7,0,1
BRDA:15,8,0,6
BRDA:16,9,0,5
BRDA:16,10,0,1
BRDA:19,11,0,5
BRDA:28,12,0,1
BRDA:28,13,0,4
BRDA:46,14,0,1
BRDA:49,15,0,5
BRDA:31,16,0,5
BRDA:34,17,0,4
BRDA:54,18,0,1
BRDA:55,19,0,0
BRDA:75,20,0,0
BRDA:90,21,0,0
BRDA:96,22,0,1
BRDA:100,23,0,6
BRDA:101,24,0,5
BRDA:101,25,0,0
BRDA:102,26,0,0
BRDA:103,27,0,0
BRDA:103,28,0,0
BRDA:104,29,0,0
BRDA:105,30,0,0
BRDA:106,31,0,0
BRDA:107,32,0,0
BRDA:108,33,0,0
BRDA:109,34,0,5
BRDA:109,35,0,1
BRDA:113,36,0,6
BRDA:114,37,0,6
BRDA:129,38,0,5
BRDA:136,39,0,5
BRDA:223,40,0,6
BRDA:231,41,0,5
BRDA:232,42,0,1
BRDA:245,43,0,0
BRDA:249,44,0,0
BRDA:252,45,0,0
BRDA:259,46,0,5
BRDA:259,47,0,1
BRF:48
BRH:32
end_of_record
TN:
SF:src\pages\SignUp.jsx
FN:4,SignUp
FN:10,handleSignUp
FN:64,onChange
FN:78,onChange
FN:92,onChange
FNF:5
FNH:1
FNDA:1,SignUp
FNDA:0,handleSignUp
FNDA:0,onChange
FNDA:0,onChange
FNDA:0,onChange
DA:1,1
DA:2,1
DA:4,1
DA:5,1
DA:6,1
DA:7,1
DA:8,1
DA:10,1
DA:11,0
DA:13,0
DA:14,0
DA:15,0
DA:16,0
DA:17,0
DA:18,0
DA:19,0
DA:20,0
DA:21,0
DA:23,0
DA:25,0
DA:26,0
DA:27,0
DA:28,0
DA:29,0
DA:30,0
DA:31,0
DA:33,1
DA:34,1
DA:35,1
DA:37,1
DA:38,1
DA:39,1
DA:40,1
DA:41,1
DA:42,1
DA:43,1
DA:44,1
DA:45,1
DA:46,1
DA:47,1
DA:48,1
DA:50,1
DA:52,1
DA:54,1
DA:55,1
DA:56,1
DA:58,1
DA:59,1
DA:60,1
DA:61,1
DA:62,1
DA:63,1
DA:64,1
DA:65,1
DA:66,1
DA:67,1
DA:69,1
DA:70,1
DA:72,1
DA:73,1
DA:74,1
DA:75,1
DA:76,1
DA:77,1
DA:78,1
DA:79,1
DA:80,1
DA:81,1
DA:83,1
DA:84,1
DA:86,1
DA:87,1
DA:88,1
DA:89,1
DA:90,1
DA:91,1
DA:92,1
DA:93,1
DA:94,1
DA:95,1
DA:97,1
DA:98,1
DA:99,1
DA:100,1
DA:102,1
DA:103,1
DA:104,1
DA:105,1
DA:107,1
DA:109,1
LF:90
LH:72
BRDA:4,0,0,1
BRF:1
BRH:1
end_of_record
TN:
SF:src\pages\Simulation.jsx
FN:5,Simulation
FN:18,fetchTransportOptions
FN:54,isPublic
FN:133,handleSelectTransport
FN:137,addTrip
FN:158,handleSaveSimulations
FN:222,onChange
FN:229,onChange
FN:266,onClick
FN:313,onChange
FN:329,onChange
FNF:11
FNH:5
FNDA:12,Simulation
FNDA:2,fetchTransportOptions
FNDA:8,isPublic
FNDA:0,handleSelectTransport
FNDA:0,addTrip
FNDA:0,handleSaveSimulations
FNDA:2,onChange
FNDA:2,onChange
FNDA:0,onClick
FNDA:0,onChange
FNDA:0,onChange
DA:1,1
DA:2,1
DA:3,1
DA:5,1
DA:6,12
DA:7,12
DA:8,12
DA:9,12
DA:10,12
DA:11,12
DA:12,12
DA:13,12
DA:14,12
DA:15,12
DA:16,12
DA:18,12
DA:19,2
DA:21,2
DA:22,2
DA:23,2
DA:24,2
DA:26,2
DA:27,2
DA:28,2
DA:29,2
DA:30,2
DA:31,2
DA:33,2
DA:34,2
DA:36,2
DA:38,2
DA:39,4
DA:40,4
DA:41,2
DA:42,2
DA:44,4
DA:45,4
DA:46,4
DA:47,4
DA:48,4
DA:49,4
DA:50,4
DA:51,4
DA:52,2
DA:54,2
DA:55,8
DA:57,2
DA:58,2
DA:60,2
DA:61,2
DA:62,0
DA:63,0
DA:64,0
DA:65,0
DA:66,2
DA:68,2
DA:69,2
DA:70,2
DA:71,2
DA:72,2
DA:74,2
DA:75,2
DA:76,2
DA:77,4
DA:78,2
DA:79,2
DA:80,2
DA:81,2
DA:82,2
DA:83,2
DA:84,2
DA:85,2
DA:86,2
DA:87,0
DA:88,2
DA:89,2
DA:90,4
DA:91,4
DA:92,4
DA:94,4
DA:95,4
DA:96,2
DA:97,2
DA:98,2
DA:100,4
DA:101,4
DA:102,4
DA:103,4
DA:104,4
DA:105,4
DA:106,4
DA:107,2
DA:109,2
DA:112,2
DA:113,2
DA:114,2
DA:115,2
DA:118,2
DA:119,0
DA:120,0
DA:121,0
DA:122,0
DA:123,2
DA:124,2
DA:125,0
DA:126,0
DA:127,0
DA:128,0
DA:130,2
DA:131,2
DA:133,12
DA:134,0
DA:135,0
DA:137,12
DA:138,0
DA:139,0
DA:140,0
DA:141,0
DA:142,0
DA:143,0
DA:145,0
DA:146,0
DA:147,0
DA:148,0
DA:149,0
DA:150,0
DA:151,0
DA:152,0
DA:154,0
DA:155,0
DA:156,0
DA:158,12
DA:159,0
DA:160,0
DA:161,0
DA:162,0
DA:163,0
DA:164,0
DA:166,0
DA:168,0
DA:169,0
DA:170,0
DA:171,0
DA:172,0
DA:173,0
DA:174,0
DA:175,0
DA:176,0
DA:177,0
DA:178,0
DA:179,0
DA:180,0
DA:181,0
DA:182,0
DA:183,0
DA:185,0
DA:186,0
DA:189,0
DA:190,0
DA:191,0
DA:192,0
DA:193,0
DA:194,0
DA:195,0
DA:196,0
DA:197,0
DA:198,0
DA:200,0
DA:201,0
DA:202,0
DA:203,0
DA:204,0
DA:205,0
DA:206,0
DA:207,0
DA:209,12
DA:210,12
DA:211,12
DA:212,12
DA:214,12
DA:216,12
DA:217,12
DA:218,12
DA:219,12
DA:220,12
DA:221,12
DA:222,12
DA:223,12
DA:224,12
DA:225,12
DA:226,12
DA:227,12
DA:228,12
DA:229,12
DA:230,12
DA:231,12
DA:233,12
DA:234,12
DA:235,12
DA:236,12
DA:237,12
DA:238,12
DA:240,12
DA:241,12
DA:243,12
DA:244,2
DA:246,2
DA:249,12
DA:250,2
DA:252,2
DA:255,12
DA:256,12
DA:257,12
DA:258,12
DA:259,2
DA:260,10
DA:261,12
DA:263,12
DA:264,4
DA:265,4
DA:266,4
DA:267,0
DA:268,0
DA:269,0
DA:271,4
DA:272,4
DA:274,4
DA:275,2
DA:276,2
DA:277,4
DA:278,4
DA:279,4
DA:282,4
DA:283,4
DA:284,2
DA:286,2
DA:288,4
DA:289,4
DA:290,4
DA:291,4
DA:292,2
DA:294,2
DA:296,4
DA:297,2
DA:298,2
DA:299,2
DA:301,4
DA:302,12
DA:303,12
DA:306,12
DA:307,12
DA:309,12
DA:310,12
DA:311,12
DA:312,12
DA:313,12
DA:315,12
DA:316,12
DA:317,12
DA:318,12
DA:319,12
DA:321,12
DA:322,12
DA:324,12
DA:325,12
DA:326,12
DA:327,12
DA:328,12
DA:329,12
DA:330,12
DA:331,12
DA:332,12
DA:333,12
DA:335,12
DA:336,12
DA:337,12
DA:338,12
DA:339,12
DA:340,12
DA:342,12
DA:343,12
DA:345,12
DA:346,0
DA:347,0
DA:348,0
DA:349,0
DA:350,0
DA:351,0
DA:352,0
DA:354,0
DA:355,0
DA:356,0
DA:357,0
DA:358,0
DA:359,0
DA:360,0
DA:361,0
DA:362,0
DA:363,0
DA:364,0
DA:365,0
DA:366,0
DA:368,0
DA:369,0
DA:370,0
DA:371,0
DA:372,0
DA:373,0
DA:376,12
DA:377,0
DA:378,0
DA:379,0
DA:380,0
DA:381,0
DA:382,0
DA:384,0
DA:385,0
DA:387,12
DA:388,12
DA:390,12
DA:392,1
LF:321
LH:209
BRDA:5,0,0,12
BRDA:237,1,0,8
BRDA:237,2,0,6
BRDA:243,3,0,2
BRDA:249,4,0,10
BRDA:249,5,0,2
BRDA:258,6,0,2
BRDA:258,7,0,2
BRDA:259,8,0,10
BRDA:339,9,0,10
BRDA:345,10,0,0
BRDA:376,11,0,0
BRDA:376,12,0,0
BRDA:18,13,0,2
BRDA:19,14,0,0
BRDA:34,15,0,0
BRDA:124,16,0,0
BRDA:38,17,0,4
BRDA:39,18,0,0
BRDA:40,19,0,2
BRDA:41,20,0,2
BRDA:49,21,0,2
BRDA:50,22,0,2
BRDA:54,23,0,8
BRDA:57,24,0,4
BRDA:58,25,0,4
BRDA:70,26,0,4
BRDA:75,27,0,2
BRDA:76,28,0,4
BRDA:77,29,0,2
BRDA:86,30,0,0
BRDA:89,31,0,4
BRDA:90,32,0,0
BRDA:92,33,0,0
BRDA:95,34,0,2
BRDA:95,35,0,2
BRDA:104,36,0,2
BRDA:104,37,0,2
BRDA:112,38,0,2
BRDA:222,39,0,2
BRDA:229,40,0,2
BRDA:263,41,0,4
BRDA:274,42,0,2
BRDA:275,43,0,2
BRDA:278,44,0,2
BRDA:278,45,0,2
BRDA:279,46,0,2
BRDA:279,47,0,2
BRDA:283,48,0,2
BRDA:283,49,0,2
BRDA:291,50,0,2
BRDA:296,51,0,2
BRF:52
BRH:42
end_of_record
